<?xml version="1.0" encoding="UTF-8"?>
<!-- Generated by org.testng.reporters.JUnitXMLReporter -->
<testsuite hostname="seetha" name="BBC Articles Comments Functional TestSuite" tests="2" failures="0" timestamp="14 Jul 2018 22:28:24 GMT" time="186.015" errors="0">
  <testcase name="feature" time="74.849" classname="com.bbc.runner.RegisterBBCRunner"/>
  <testcase name="feature" time="109.277" classname="com.bbc.runner.SignInAndCommentArticleRunner"/>
</testsuite> <!-- BBC Articles Comments Functional TestSuite -->
