<?xml version="1.0" encoding="UTF-8"?>
<testng-results skipped="0" failed="0" total="2" passed="2">
  <reporter-output>
    <line>
      <![CDATA[navigation to :http://www.bbc.co.uk/blogs/test/entries/f5f3031a-1a29-44ee-b2f8-86e78bfd57b0#comments]]>
    </line>
    <line>
      <![CDATA[finding the Element:COMMENTS]]>
    </line>
    <line>
      <![CDATA[By.xpath: //a[contains(@class,'blogs-comments-link')]]]>
    </line>
    <line>
      <![CDATA[found the Element:COMMENTS]]>
    </line>
    <line>
      <![CDATA[By.xpath: //a[contains(@class,'blogs-comments-link')]]]>
    </line>
    <line>
      <![CDATA[finding the Element:Register]]>
    </line>
    <line>
      <![CDATA[By.xpath: //a[contains(text(),'Register')]]]>
    </line>
    <line>
      <![CDATA[found the Element:Register]]>
    </line>
    <line>
      <![CDATA[By.xpath: //a[contains(text(),'Register')]]]>
    </line>
    <line>
      <![CDATA[finding the Element:13 or over]]>
    </line>
    <line>
      <![CDATA[By.xpath: //span[contains(text(),'13 or over')]]]>
    </line>
    <line>
      <![CDATA[found the Element:13 or over]]>
    </line>
    <line>
      <![CDATA[By.xpath: //span[contains(text(),'13 or over')]]]>
    </line>
    <line>
      <![CDATA[finding the Element:13 or over]]>
    </line>
    <line>
      <![CDATA[By.xpath: //span[contains(text(),'13 or over')]]]>
    </line>
    <line>
      <![CDATA[found the Element:13 or over]]>
    </line>
    <line>
      <![CDATA[By.xpath: //span[contains(text(),'13 or over')]]]>
    </line>
    <line>
      <![CDATA[finding the Element:13 or over]]>
    </line>
    <line>
      <![CDATA[By.xpath: //span[contains(text(),'13 or over')]]]>
    </line>
    <line>
      <![CDATA[found the Element:13 or over]]>
    </line>
    <line>
      <![CDATA[By.xpath: //span[contains(text(),'13 or over')]]]>
    </line>
    <line>
      <![CDATA[finding the Element:13 or over]]>
    </line>
    <line>
      <![CDATA[By.xpath: //span[contains(text(),'13 or over')]]]>
    </line>
    <line>
      <![CDATA[found the Element:13 or over]]>
    </line>
    <line>
      <![CDATA[By.xpath: //span[contains(text(),'13 or over')]]]>
    </line>
    <line>
      <![CDATA[finding the Element:13 or over]]>
    </line>
    <line>
      <![CDATA[By.xpath: //span[contains(text(),'13 or over')]]]>
    </line>
    <line>
      <![CDATA[found the Element:13 or over]]>
    </line>
    <line>
      <![CDATA[By.xpath: //span[contains(text(),'13 or over')]]]>
    </line>
    <line>
      <![CDATA[finding the Element:13 or over]]>
    </line>
    <line>
      <![CDATA[By.xpath: //span[contains(text(),'13 or over')]]]>
    </line>
    <line>
      <![CDATA[found the Element:13 or over]]>
    </line>
    <line>
      <![CDATA[By.xpath: //span[contains(text(),'13 or over')]]]>
    </line>
    <line>
      <![CDATA[finding the Element:13 or over]]>
    </line>
    <line>
      <![CDATA[By.xpath: //span[contains(text(),'13 or over')]]]>
    </line>
    <line>
      <![CDATA[found the Element:13 or over]]>
    </line>
    <line>
      <![CDATA[By.xpath: //span[contains(text(),'13 or over')]]]>
    </line>
    <line>
      <![CDATA[finding the Element:13 or over]]>
    </line>
    <line>
      <![CDATA[By.xpath: //span[contains(text(),'13 or over')]]]>
    </line>
    <line>
      <![CDATA[found the Element:13 or over]]>
    </line>
    <line>
      <![CDATA[By.xpath: //span[contains(text(),'13 or over')]]]>
    </line>
    <line>
      <![CDATA[finding the Element:13 or over]]>
    </line>
    <line>
      <![CDATA[By.xpath: //span[contains(text(),'13 or over')]]]>
    </line>
    <line>
      <![CDATA[found the Element:13 or over]]>
    </line>
    <line>
      <![CDATA[By.xpath: //span[contains(text(),'13 or over')]]]>
    </line>
    <line>
      <![CDATA[finding the Element:13 or over]]>
    </line>
    <line>
      <![CDATA[By.xpath: //span[contains(text(),'13 or over')]]]>
    </line>
    <line>
      <![CDATA[found the Element:13 or over]]>
    </line>
    <line>
      <![CDATA[By.xpath: //span[contains(text(),'13 or over')]]]>
    </line>
    <line>
      <![CDATA[finding the Element:13 or over]]>
    </line>
    <line>
      <![CDATA[By.xpath: //span[contains(text(),'13 or over')]]]>
    </line>
    <line>
      <![CDATA[found the Element:13 or over]]>
    </line>
    <line>
      <![CDATA[By.xpath: //span[contains(text(),'13 or over')]]]>
    </line>
    <line>
      <![CDATA[finding the Element:13 or over]]>
    </line>
    <line>
      <![CDATA[By.xpath: //span[contains(text(),'13 or over')]]]>
    </line>
    <line>
      <![CDATA[found the Element:13 or over]]>
    </line>
    <line>
      <![CDATA[By.xpath: //span[contains(text(),'13 or over')]]]>
    </line>
    <line>
      <![CDATA[finding the Element:13 or over]]>
    </line>
    <line>
      <![CDATA[By.xpath: //span[contains(text(),'13 or over')]]]>
    </line>
    <line>
      <![CDATA[found the Element:13 or over]]>
    </line>
    <line>
      <![CDATA[By.xpath: //span[contains(text(),'13 or over')]]]>
    </line>
    <line>
      <![CDATA[finding the Element:13 or over]]>
    </line>
    <line>
      <![CDATA[By.xpath: //span[contains(text(),'13 or over')]]]>
    </line>
    <line>
      <![CDATA[found the Element:13 or over]]>
    </line>
    <line>
      <![CDATA[By.xpath: //span[contains(text(),'13 or over')]]]>
    </line>
    <line>
      <![CDATA[finding the Element:13 or over]]>
    </line>
    <line>
      <![CDATA[By.xpath: //span[contains(text(),'13 or over')]]]>
    </line>
    <line>
      <![CDATA[found the Element:13 or over]]>
    </line>
    <line>
      <![CDATA[By.xpath: //span[contains(text(),'13 or over')]]]>
    </line>
    <line>
      <![CDATA[finding the Element:13 or over]]>
    </line>
    <line>
      <![CDATA[By.xpath: //span[contains(text(),'13 or over')]]]>
    </line>
    <line>
      <![CDATA[found the Element:13 or over]]>
    </line>
    <line>
      <![CDATA[By.xpath: //span[contains(text(),'13 or over')]]]>
    </line>
    <line>
      <![CDATA[finding the Element:13 or over]]>
    </line>
    <line>
      <![CDATA[By.xpath: //span[contains(text(),'13 or over')]]]>
    </line>
    <line>
      <![CDATA[found the Element:13 or over]]>
    </line>
    <line>
      <![CDATA[By.xpath: //span[contains(text(),'13 or over')]]]>
    </line>
    <line>
      <![CDATA[finding the Element:13 or over]]>
    </line>
    <line>
      <![CDATA[By.xpath: //span[contains(text(),'13 or over')]]]>
    </line>
    <line>
      <![CDATA[found the Element:13 or over]]>
    </line>
    <line>
      <![CDATA[By.xpath: //span[contains(text(),'13 or over')]]]>
    </line>
    <line>
      <![CDATA[finding the Element:13 or over]]>
    </line>
    <line>
      <![CDATA[By.xpath: //span[contains(text(),'13 or over')]]]>
    </line>
    <line>
      <![CDATA[found the Element:13 or over]]>
    </line>
    <line>
      <![CDATA[By.xpath: //span[contains(text(),'13 or over')]]]>
    </line>
    <line>
      <![CDATA[finding the Element:13 or over]]>
    </line>
    <line>
      <![CDATA[By.xpath: //span[contains(text(),'13 or over')]]]>
    </line>
    <line>
      <![CDATA[found the Element:13 or over]]>
    </line>
    <line>
      <![CDATA[By.xpath: //span[contains(text(),'13 or over')]]]>
    </line>
    <line>
      <![CDATA[finding the Element:13 or over]]>
    </line>
    <line>
      <![CDATA[By.xpath: //span[contains(text(),'13 or over')]]]>
    </line>
    <line>
      <![CDATA[found the Element:13 or over]]>
    </line>
    <line>
      <![CDATA[By.xpath: //span[contains(text(),'13 or over')]]]>
    </line>
    <line>
      <![CDATA[finding the Element:13 or over]]>
    </line>
    <line>
      <![CDATA[By.xpath: //span[contains(text(),'13 or over')]]]>
    </line>
    <line>
      <![CDATA[found the Element:13 or over]]>
    </line>
    <line>
      <![CDATA[By.xpath: //span[contains(text(),'13 or over')]]]>
    </line>
    <line>
      <![CDATA[finding the Element:13 or over]]>
    </line>
    <line>
      <![CDATA[By.xpath: //span[contains(text(),'13 or over')]]]>
    </line>
    <line>
      <![CDATA[found the Element:13 or over]]>
    </line>
    <line>
      <![CDATA[By.xpath: //span[contains(text(),'13 or over')]]]>
    </line>
    <line>
      <![CDATA[finding the Element:13 or over]]>
    </line>
    <line>
      <![CDATA[By.xpath: //span[contains(text(),'13 or over')]]]>
    </line>
    <line>
      <![CDATA[found the Element:13 or over]]>
    </line>
    <line>
      <![CDATA[By.xpath: //span[contains(text(),'13 or over')]]]>
    </line>
    <line>
      <![CDATA[finding the Element:13 or over]]>
    </line>
    <line>
      <![CDATA[By.xpath: //span[contains(text(),'13 or over')]]]>
    </line>
    <line>
      <![CDATA[found the Element:13 or over]]>
    </line>
    <line>
      <![CDATA[By.xpath: //span[contains(text(),'13 or over')]]]>
    </line>
    <line>
      <![CDATA[finding the Element:13 or over]]>
    </line>
    <line>
      <![CDATA[By.xpath: //span[contains(text(),'13 or over')]]]>
    </line>
    <line>
      <![CDATA[found the Element:13 or over]]>
    </line>
    <line>
      <![CDATA[By.xpath: //span[contains(text(),'13 or over')]]]>
    </line>
    <line>
      <![CDATA[finding the Element:13 or over]]>
    </line>
    <line>
      <![CDATA[By.xpath: //span[contains(text(),'13 or over')]]]>
    </line>
    <line>
      <![CDATA[found the Element:13 or over]]>
    </line>
    <line>
      <![CDATA[By.xpath: //span[contains(text(),'13 or over')]]]>
    </line>
    <line>
      <![CDATA[finding the Element:13 or over]]>
    </line>
    <line>
      <![CDATA[By.xpath: //span[contains(text(),'13 or over')]]]>
    </line>
    <line>
      <![CDATA[found the Element:13 or over]]>
    </line>
    <line>
      <![CDATA[By.xpath: //span[contains(text(),'13 or over')]]]>
    </line>
    <line>
      <![CDATA[finding the Element:13 or over]]>
    </line>
    <line>
      <![CDATA[By.xpath: //span[contains(text(),'13 or over')]]]>
    </line>
    <line>
      <![CDATA[found the Element:13 or over]]>
    </line>
    <line>
      <![CDATA[By.xpath: //span[contains(text(),'13 or over')]]]>
    </line>
    <line>
      <![CDATA[finding the Element:13 or over]]>
    </line>
    <line>
      <![CDATA[By.xpath: //span[contains(text(),'13 or over')]]]>
    </line>
    <line>
      <![CDATA[found the Element:13 or over]]>
    </line>
    <line>
      <![CDATA[By.xpath: //span[contains(text(),'13 or over')]]]>
    </line>
    <line>
      <![CDATA[finding the Element:13 or over]]>
    </line>
    <line>
      <![CDATA[By.xpath: //span[contains(text(),'13 or over')]]]>
    </line>
    <line>
      <![CDATA[found the Element:13 or over]]>
    </line>
    <line>
      <![CDATA[By.xpath: //span[contains(text(),'13 or over')]]]>
    </line>
    <line>
      <![CDATA[finding the Element:13 or over]]>
    </line>
    <line>
      <![CDATA[By.xpath: //span[contains(text(),'13 or over')]]]>
    </line>
    <line>
      <![CDATA[found the Element:13 or over]]>
    </line>
    <line>
      <![CDATA[By.xpath: //span[contains(text(),'13 or over')]]]>
    </line>
    <line>
      <![CDATA[finding the Element:13 or over]]>
    </line>
    <line>
      <![CDATA[By.xpath: //span[contains(text(),'13 or over')]]]>
    </line>
    <line>
      <![CDATA[found the Element:13 or over]]>
    </line>
    <line>
      <![CDATA[By.xpath: //span[contains(text(),'13 or over')]]]>
    </line>
    <line>
      <![CDATA[finding the Element:13 or over]]>
    </line>
    <line>
      <![CDATA[By.xpath: //span[contains(text(),'13 or over')]]]>
    </line>
    <line>
      <![CDATA[found the Element:13 or over]]>
    </line>
    <line>
      <![CDATA[By.xpath: //span[contains(text(),'13 or over')]]]>
    </line>
    <line>
      <![CDATA[finding the Element:13 or over]]>
    </line>
    <line>
      <![CDATA[By.xpath: //span[contains(text(),'13 or over')]]]>
    </line>
    <line>
      <![CDATA[found the Element:13 or over]]>
    </line>
    <line>
      <![CDATA[By.xpath: //span[contains(text(),'13 or over')]]]>
    </line>
    <line>
      <![CDATA[finding the Element:]]>
    </line>
    <line>
      <![CDATA[By.cssSelector: input[id = day-input]]]>
    </line>
    <line>
      <![CDATA[found the Element:]]>
    </line>
    <line>
      <![CDATA[By.cssSelector: input[id = day-input]]]>
    </line>
    <line>
      <![CDATA[finding the Element:]]>
    </line>
    <line>
      <![CDATA[By.cssSelector: input[id = day-input]]]>
    </line>
    <line>
      <![CDATA[found the Element:]]>
    </line>
    <line>
      <![CDATA[By.cssSelector: input[id = day-input]]]>
    </line>
    <line>
      <![CDATA[finding the Element:]]>
    </line>
    <line>
      <![CDATA[By.cssSelector: input[id = day-input]]]>
    </line>
    <line>
      <![CDATA[found the Element:]]>
    </line>
    <line>
      <![CDATA[By.cssSelector: input[id = day-input]]]>
    </line>
    <line>
      <![CDATA[finding the Element:]]>
    </line>
    <line>
      <![CDATA[By.cssSelector: input[id = day-input]]]>
    </line>
    <line>
      <![CDATA[found the Element:]]>
    </line>
    <line>
      <![CDATA[By.cssSelector: input[id = day-input]]]>
    </line>
    <line>
      <![CDATA[finding the Element:]]>
    </line>
    <line>
      <![CDATA[By.cssSelector: input[id = day-input]]]>
    </line>
    <line>
      <![CDATA[found the Element:]]>
    </line>
    <line>
      <![CDATA[By.cssSelector: input[id = day-input]]]>
    </line>
    <line>
      <![CDATA[finding the Element:]]>
    </line>
    <line>
      <![CDATA[By.cssSelector: input[id = day-input]]]>
    </line>
    <line>
      <![CDATA[found the Element:]]>
    </line>
    <line>
      <![CDATA[By.cssSelector: input[id = day-input]]]>
    </line>
    <line>
      <![CDATA[finding the Element:]]>
    </line>
    <line>
      <![CDATA[By.cssSelector: input[id = day-input]]]>
    </line>
    <line>
      <![CDATA[found the Element:]]>
    </line>
    <line>
      <![CDATA[By.cssSelector: input[id = day-input]]]>
    </line>
    <line>
      <![CDATA[finding the Element:]]>
    </line>
    <line>
      <![CDATA[By.cssSelector: input[id = day-input]]]>
    </line>
    <line>
      <![CDATA[found the Element:]]>
    </line>
    <line>
      <![CDATA[By.cssSelector: input[id = day-input]]]>
    </line>
    <line>
      <![CDATA[finding the Element:]]>
    </line>
    <line>
      <![CDATA[By.cssSelector: input[id = day-input]]]>
    </line>
    <line>
      <![CDATA[found the Element:]]>
    </line>
    <line>
      <![CDATA[By.cssSelector: input[id = day-input]]]>
    </line>
    <line>
      <![CDATA[finding the Element:]]>
    </line>
    <line>
      <![CDATA[By.cssSelector: input[id = day-input]]]>
    </line>
    <line>
      <![CDATA[found the Element:]]>
    </line>
    <line>
      <![CDATA[By.cssSelector: input[id = day-input]]]>
    </line>
    <line>
      <![CDATA[finding the Element:]]>
    </line>
    <line>
      <![CDATA[By.cssSelector: input[id = day-input]]]>
    </line>
    <line>
      <![CDATA[found the Element:]]>
    </line>
    <line>
      <![CDATA[By.cssSelector: input[id = day-input]]]>
    </line>
    <line>
      <![CDATA[finding the Element:]]>
    </line>
    <line>
      <![CDATA[By.cssSelector: input[id = day-input]]]>
    </line>
    <line>
      <![CDATA[found the Element:]]>
    </line>
    <line>
      <![CDATA[By.cssSelector: input[id = day-input]]]>
    </line>
    <line>
      <![CDATA[finding the Element:]]>
    </line>
    <line>
      <![CDATA[By.cssSelector: input[id = day-input]]]>
    </line>
    <line>
      <![CDATA[found the Element:]]>
    </line>
    <line>
      <![CDATA[By.cssSelector: input[id = day-input]]]>
    </line>
    <line>
      <![CDATA[finding the Element:]]>
    </line>
    <line>
      <![CDATA[By.cssSelector: input[id = day-input]]]>
    </line>
    <line>
      <![CDATA[found the Element:]]>
    </line>
    <line>
      <![CDATA[By.cssSelector: input[id = day-input]]]>
    </line>
    <line>
      <![CDATA[finding the Element:]]>
    </line>
    <line>
      <![CDATA[By.cssSelector: input[id = day-input]]]>
    </line>
    <line>
      <![CDATA[found the Element:]]>
    </line>
    <line>
      <![CDATA[By.cssSelector: input[id = day-input]]]>
    </line>
    <line>
      <![CDATA[finding the Element:]]>
    </line>
    <line>
      <![CDATA[By.cssSelector: input[id = day-input]]]>
    </line>
    <line>
      <![CDATA[found the Element:]]>
    </line>
    <line>
      <![CDATA[By.cssSelector: input[id = day-input]]]>
    </line>
    <line>
      <![CDATA[finding the Element:]]>
    </line>
    <line>
      <![CDATA[By.cssSelector: input[id = day-input]]]>
    </line>
    <line>
      <![CDATA[found the Element:]]>
    </line>
    <line>
      <![CDATA[By.cssSelector: input[id = day-input]]]>
    </line>
    <line>
      <![CDATA[finding the Element:]]>
    </line>
    <line>
      <![CDATA[By.cssSelector: input[id = day-input]]]>
    </line>
    <line>
      <![CDATA[found the Element:]]>
    </line>
    <line>
      <![CDATA[By.cssSelector: input[id = day-input]]]>
    </line>
    <line>
      <![CDATA[finding the Element:]]>
    </line>
    <line>
      <![CDATA[By.cssSelector: input[id = day-input]]]>
    </line>
    <line>
      <![CDATA[found the Element:]]>
    </line>
    <line>
      <![CDATA[By.cssSelector: input[id = day-input]]]>
    </line>
    <line>
      <![CDATA[finding the Element:]]>
    </line>
    <line>
      <![CDATA[By.cssSelector: input[id = day-input]]]>
    </line>
    <line>
      <![CDATA[found the Element:]]>
    </line>
    <line>
      <![CDATA[By.cssSelector: input[id = day-input]]]>
    </line>
    <line>
      <![CDATA[finding the Element:]]>
    </line>
    <line>
      <![CDATA[By.cssSelector: input[id = day-input]]]>
    </line>
    <line>
      <![CDATA[found the Element:]]>
    </line>
    <line>
      <![CDATA[By.cssSelector: input[id = day-input]]]>
    </line>
    <line>
      <![CDATA[finding the Element:]]>
    </line>
    <line>
      <![CDATA[By.cssSelector: input[id = day-input]]]>
    </line>
    <line>
      <![CDATA[found the Element:]]>
    </line>
    <line>
      <![CDATA[By.cssSelector: input[id = day-input]]]>
    </line>
    <line>
      <![CDATA[finding the Element:]]>
    </line>
    <line>
      <![CDATA[By.cssSelector: input[id = day-input]]]>
    </line>
    <line>
      <![CDATA[found the Element:]]>
    </line>
    <line>
      <![CDATA[By.cssSelector: input[id = day-input]]]>
    </line>
    <line>
      <![CDATA[finding the Element:]]>
    </line>
    <line>
      <![CDATA[By.cssSelector: input[id = day-input]]]>
    </line>
    <line>
      <![CDATA[found the Element:]]>
    </line>
    <line>
      <![CDATA[By.cssSelector: input[id = day-input]]]>
    </line>
    <line>
      <![CDATA[finding the Element:]]>
    </line>
    <line>
      <![CDATA[By.cssSelector: input[id = day-input]]]>
    </line>
    <line>
      <![CDATA[found the Element:]]>
    </line>
    <line>
      <![CDATA[By.cssSelector: input[id = day-input]]]>
    </line>
    <line>
      <![CDATA[finding the Element:]]>
    </line>
    <line>
      <![CDATA[By.cssSelector: input[id = day-input]]]>
    </line>
    <line>
      <![CDATA[found the Element:]]>
    </line>
    <line>
      <![CDATA[By.cssSelector: input[id = day-input]]]>
    </line>
    <line>
      <![CDATA[finding the Element:]]>
    </line>
    <line>
      <![CDATA[By.cssSelector: input[id = day-input]]]>
    </line>
    <line>
      <![CDATA[found the Element:]]>
    </line>
    <line>
      <![CDATA[By.cssSelector: input[id = day-input]]]>
    </line>
    <line>
      <![CDATA[finding the Element:]]>
    </line>
    <line>
      <![CDATA[By.cssSelector: input[id = day-input]]]>
    </line>
    <line>
      <![CDATA[found the Element:]]>
    </line>
    <line>
      <![CDATA[By.cssSelector: input[id = day-input]]]>
    </line>
    <line>
      <![CDATA[finding the Element:]]>
    </line>
    <line>
      <![CDATA[By.cssSelector: input[id = day-input]]]>
    </line>
    <line>
      <![CDATA[found the Element:]]>
    </line>
    <line>
      <![CDATA[By.cssSelector: input[id = day-input]]]>
    </line>
    <line>
      <![CDATA[finding the Element:]]>
    </line>
    <line>
      <![CDATA[By.cssSelector: input[id = day-input]]]>
    </line>
    <line>
      <![CDATA[found the Element:]]>
    </line>
    <line>
      <![CDATA[By.cssSelector: input[id = day-input]]]>
    </line>
    <line>
      <![CDATA[finding the Element:]]>
    </line>
    <line>
      <![CDATA[By.cssSelector: input[id = day-input]]]>
    </line>
    <line>
      <![CDATA[found the Element:]]>
    </line>
    <line>
      <![CDATA[By.cssSelector: input[id = day-input]]]>
    </line>
    <line>
      <![CDATA[finding the Element:]]>
    </line>
    <line>
      <![CDATA[By.cssSelector: input[id = day-input]]]>
    </line>
    <line>
      <![CDATA[found the Element:]]>
    </line>
    <line>
      <![CDATA[By.cssSelector: input[id = day-input]]]>
    </line>
    <line>
      <![CDATA[finding the Element:]]>
    </line>
    <line>
      <![CDATA[By.cssSelector: input[id = day-input]]]>
    </line>
    <line>
      <![CDATA[found the Element:]]>
    </line>
    <line>
      <![CDATA[By.cssSelector: input[id = day-input]]]>
    </line>
    <line>
      <![CDATA[finding the Element:]]>
    </line>
    <line>
      <![CDATA[By.cssSelector: input[id = day-input]]]>
    </line>
    <line>
      <![CDATA[found the Element:]]>
    </line>
    <line>
      <![CDATA[By.cssSelector: input[id = day-input]]]>
    </line>
    <line>
      <![CDATA[finding the Element:]]>
    </line>
    <line>
      <![CDATA[By.cssSelector: input[id = day-input]]]>
    </line>
    <line>
      <![CDATA[found the Element:]]>
    </line>
    <line>
      <![CDATA[By.cssSelector: input[id = day-input]]]>
    </line>
    <line>
      <![CDATA[finding the Element:]]>
    </line>
    <line>
      <![CDATA[By.cssSelector: input[id = month-input]]]>
    </line>
    <line>
      <![CDATA[found the Element:]]>
    </line>
    <line>
      <![CDATA[By.cssSelector: input[id = month-input]]]>
    </line>
    <line>
      <![CDATA[finding the Element:]]>
    </line>
    <line>
      <![CDATA[By.cssSelector: input[id = month-input]]]>
    </line>
    <line>
      <![CDATA[found the Element:]]>
    </line>
    <line>
      <![CDATA[By.cssSelector: input[id = month-input]]]>
    </line>
    <line>
      <![CDATA[finding the Element:]]>
    </line>
    <line>
      <![CDATA[By.cssSelector: input[id = month-input]]]>
    </line>
    <line>
      <![CDATA[found the Element:]]>
    </line>
    <line>
      <![CDATA[By.cssSelector: input[id = month-input]]]>
    </line>
    <line>
      <![CDATA[finding the Element:]]>
    </line>
    <line>
      <![CDATA[By.cssSelector: input[id = month-input]]]>
    </line>
    <line>
      <![CDATA[found the Element:]]>
    </line>
    <line>
      <![CDATA[By.cssSelector: input[id = month-input]]]>
    </line>
    <line>
      <![CDATA[finding the Element:]]>
    </line>
    <line>
      <![CDATA[By.cssSelector: input[id = month-input]]]>
    </line>
    <line>
      <![CDATA[found the Element:]]>
    </line>
    <line>
      <![CDATA[By.cssSelector: input[id = month-input]]]>
    </line>
    <line>
      <![CDATA[finding the Element:]]>
    </line>
    <line>
      <![CDATA[By.cssSelector: input[id = month-input]]]>
    </line>
    <line>
      <![CDATA[found the Element:]]>
    </line>
    <line>
      <![CDATA[By.cssSelector: input[id = month-input]]]>
    </line>
    <line>
      <![CDATA[finding the Element:]]>
    </line>
    <line>
      <![CDATA[By.cssSelector: input[id = month-input]]]>
    </line>
    <line>
      <![CDATA[found the Element:]]>
    </line>
    <line>
      <![CDATA[By.cssSelector: input[id = month-input]]]>
    </line>
    <line>
      <![CDATA[finding the Element:]]>
    </line>
    <line>
      <![CDATA[By.cssSelector: input[id = month-input]]]>
    </line>
    <line>
      <![CDATA[found the Element:]]>
    </line>
    <line>
      <![CDATA[By.cssSelector: input[id = month-input]]]>
    </line>
    <line>
      <![CDATA[finding the Element:]]>
    </line>
    <line>
      <![CDATA[By.cssSelector: input[id = month-input]]]>
    </line>
    <line>
      <![CDATA[found the Element:]]>
    </line>
    <line>
      <![CDATA[By.cssSelector: input[id = month-input]]]>
    </line>
    <line>
      <![CDATA[finding the Element:]]>
    </line>
    <line>
      <![CDATA[By.cssSelector: input[id = month-input]]]>
    </line>
    <line>
      <![CDATA[found the Element:]]>
    </line>
    <line>
      <![CDATA[By.cssSelector: input[id = month-input]]]>
    </line>
    <line>
      <![CDATA[finding the Element:]]>
    </line>
    <line>
      <![CDATA[By.cssSelector: input[id = month-input]]]>
    </line>
    <line>
      <![CDATA[found the Element:]]>
    </line>
    <line>
      <![CDATA[By.cssSelector: input[id = month-input]]]>
    </line>
    <line>
      <![CDATA[finding the Element:]]>
    </line>
    <line>
      <![CDATA[By.cssSelector: input[id = month-input]]]>
    </line>
    <line>
      <![CDATA[found the Element:]]>
    </line>
    <line>
      <![CDATA[By.cssSelector: input[id = month-input]]]>
    </line>
    <line>
      <![CDATA[finding the Element:]]>
    </line>
    <line>
      <![CDATA[By.cssSelector: input[id = month-input]]]>
    </line>
    <line>
      <![CDATA[found the Element:]]>
    </line>
    <line>
      <![CDATA[By.cssSelector: input[id = month-input]]]>
    </line>
    <line>
      <![CDATA[finding the Element:]]>
    </line>
    <line>
      <![CDATA[By.cssSelector: input[id = month-input]]]>
    </line>
    <line>
      <![CDATA[found the Element:]]>
    </line>
    <line>
      <![CDATA[By.cssSelector: input[id = month-input]]]>
    </line>
    <line>
      <![CDATA[finding the Element:]]>
    </line>
    <line>
      <![CDATA[By.cssSelector: input[id = month-input]]]>
    </line>
    <line>
      <![CDATA[found the Element:]]>
    </line>
    <line>
      <![CDATA[By.cssSelector: input[id = month-input]]]>
    </line>
    <line>
      <![CDATA[finding the Element:]]>
    </line>
    <line>
      <![CDATA[By.cssSelector: input[id = month-input]]]>
    </line>
    <line>
      <![CDATA[found the Element:]]>
    </line>
    <line>
      <![CDATA[By.cssSelector: input[id = month-input]]]>
    </line>
    <line>
      <![CDATA[finding the Element:]]>
    </line>
    <line>
      <![CDATA[By.cssSelector: input[id = month-input]]]>
    </line>
    <line>
      <![CDATA[found the Element:]]>
    </line>
    <line>
      <![CDATA[By.cssSelector: input[id = month-input]]]>
    </line>
    <line>
      <![CDATA[finding the Element:]]>
    </line>
    <line>
      <![CDATA[By.cssSelector: input[id = month-input]]]>
    </line>
    <line>
      <![CDATA[found the Element:]]>
    </line>
    <line>
      <![CDATA[By.cssSelector: input[id = month-input]]]>
    </line>
    <line>
      <![CDATA[finding the Element:]]>
    </line>
    <line>
      <![CDATA[By.cssSelector: input[id = month-input]]]>
    </line>
    <line>
      <![CDATA[found the Element:]]>
    </line>
    <line>
      <![CDATA[By.cssSelector: input[id = month-input]]]>
    </line>
    <line>
      <![CDATA[finding the Element:]]>
    </line>
    <line>
      <![CDATA[By.cssSelector: input[id = month-input]]]>
    </line>
    <line>
      <![CDATA[found the Element:]]>
    </line>
    <line>
      <![CDATA[By.cssSelector: input[id = month-input]]]>
    </line>
    <line>
      <![CDATA[finding the Element:]]>
    </line>
    <line>
      <![CDATA[By.cssSelector: input[id = month-input]]]>
    </line>
    <line>
      <![CDATA[found the Element:]]>
    </line>
    <line>
      <![CDATA[By.cssSelector: input[id = month-input]]]>
    </line>
    <line>
      <![CDATA[finding the Element:]]>
    </line>
    <line>
      <![CDATA[By.cssSelector: input[id = month-input]]]>
    </line>
    <line>
      <![CDATA[found the Element:]]>
    </line>
    <line>
      <![CDATA[By.cssSelector: input[id = month-input]]]>
    </line>
    <line>
      <![CDATA[finding the Element:]]>
    </line>
    <line>
      <![CDATA[By.cssSelector: input[id = month-input]]]>
    </line>
    <line>
      <![CDATA[found the Element:]]>
    </line>
    <line>
      <![CDATA[By.cssSelector: input[id = month-input]]]>
    </line>
    <line>
      <![CDATA[finding the Element:]]>
    </line>
    <line>
      <![CDATA[By.cssSelector: input[id = month-input]]]>
    </line>
    <line>
      <![CDATA[found the Element:]]>
    </line>
    <line>
      <![CDATA[By.cssSelector: input[id = month-input]]]>
    </line>
    <line>
      <![CDATA[finding the Element:]]>
    </line>
    <line>
      <![CDATA[By.cssSelector: input[id = month-input]]]>
    </line>
    <line>
      <![CDATA[found the Element:]]>
    </line>
    <line>
      <![CDATA[By.cssSelector: input[id = month-input]]]>
    </line>
    <line>
      <![CDATA[finding the Element:]]>
    </line>
    <line>
      <![CDATA[By.cssSelector: input[id = month-input]]]>
    </line>
    <line>
      <![CDATA[found the Element:]]>
    </line>
    <line>
      <![CDATA[By.cssSelector: input[id = month-input]]]>
    </line>
    <line>
      <![CDATA[finding the Element:]]>
    </line>
    <line>
      <![CDATA[By.cssSelector: input[id = month-input]]]>
    </line>
    <line>
      <![CDATA[found the Element:]]>
    </line>
    <line>
      <![CDATA[By.cssSelector: input[id = month-input]]]>
    </line>
    <line>
      <![CDATA[finding the Element:]]>
    </line>
    <line>
      <![CDATA[By.cssSelector: input[id = month-input]]]>
    </line>
    <line>
      <![CDATA[found the Element:]]>
    </line>
    <line>
      <![CDATA[By.cssSelector: input[id = month-input]]]>
    </line>
    <line>
      <![CDATA[finding the Element:]]>
    </line>
    <line>
      <![CDATA[By.cssSelector: input[id = month-input]]]>
    </line>
    <line>
      <![CDATA[found the Element:]]>
    </line>
    <line>
      <![CDATA[By.cssSelector: input[id = month-input]]]>
    </line>
    <line>
      <![CDATA[finding the Element:]]>
    </line>
    <line>
      <![CDATA[By.cssSelector: input[id = month-input]]]>
    </line>
    <line>
      <![CDATA[found the Element:]]>
    </line>
    <line>
      <![CDATA[By.cssSelector: input[id = month-input]]]>
    </line>
    <line>
      <![CDATA[finding the Element:]]>
    </line>
    <line>
      <![CDATA[By.cssSelector: input[id = month-input]]]>
    </line>
    <line>
      <![CDATA[found the Element:]]>
    </line>
    <line>
      <![CDATA[By.cssSelector: input[id = month-input]]]>
    </line>
    <line>
      <![CDATA[finding the Element:]]>
    </line>
    <line>
      <![CDATA[By.cssSelector: input[id = month-input]]]>
    </line>
    <line>
      <![CDATA[found the Element:]]>
    </line>
    <line>
      <![CDATA[By.cssSelector: input[id = month-input]]]>
    </line>
    <line>
      <![CDATA[finding the Element:]]>
    </line>
    <line>
      <![CDATA[By.cssSelector: input[id = month-input]]]>
    </line>
    <line>
      <![CDATA[found the Element:]]>
    </line>
    <line>
      <![CDATA[By.cssSelector: input[id = month-input]]]>
    </line>
    <line>
      <![CDATA[finding the Element:]]>
    </line>
    <line>
      <![CDATA[By.cssSelector: input[id = month-input]]]>
    </line>
    <line>
      <![CDATA[found the Element:]]>
    </line>
    <line>
      <![CDATA[By.cssSelector: input[id = month-input]]]>
    </line>
    <line>
      <![CDATA[finding the Element:]]>
    </line>
    <line>
      <![CDATA[By.cssSelector: input[id = month-input]]]>
    </line>
    <line>
      <![CDATA[found the Element:]]>
    </line>
    <line>
      <![CDATA[By.cssSelector: input[id = month-input]]]>
    </line>
    <line>
      <![CDATA[finding the Element:]]>
    </line>
    <line>
      <![CDATA[By.cssSelector: input[id = year-input]]]>
    </line>
    <line>
      <![CDATA[found the Element:]]>
    </line>
    <line>
      <![CDATA[By.cssSelector: input[id = year-input]]]>
    </line>
    <line>
      <![CDATA[finding the Element:]]>
    </line>
    <line>
      <![CDATA[By.cssSelector: input[id = year-input]]]>
    </line>
    <line>
      <![CDATA[found the Element:]]>
    </line>
    <line>
      <![CDATA[By.cssSelector: input[id = year-input]]]>
    </line>
    <line>
      <![CDATA[finding the Element:]]>
    </line>
    <line>
      <![CDATA[By.cssSelector: input[id = year-input]]]>
    </line>
    <line>
      <![CDATA[found the Element:]]>
    </line>
    <line>
      <![CDATA[By.cssSelector: input[id = year-input]]]>
    </line>
    <line>
      <![CDATA[finding the Element:]]>
    </line>
    <line>
      <![CDATA[By.cssSelector: input[id = year-input]]]>
    </line>
    <line>
      <![CDATA[found the Element:]]>
    </line>
    <line>
      <![CDATA[By.cssSelector: input[id = year-input]]]>
    </line>
    <line>
      <![CDATA[finding the Element:]]>
    </line>
    <line>
      <![CDATA[By.cssSelector: input[id = year-input]]]>
    </line>
    <line>
      <![CDATA[found the Element:]]>
    </line>
    <line>
      <![CDATA[By.cssSelector: input[id = year-input]]]>
    </line>
    <line>
      <![CDATA[finding the Element:]]>
    </line>
    <line>
      <![CDATA[By.cssSelector: input[id = year-input]]]>
    </line>
    <line>
      <![CDATA[found the Element:]]>
    </line>
    <line>
      <![CDATA[By.cssSelector: input[id = year-input]]]>
    </line>
    <line>
      <![CDATA[finding the Element:]]>
    </line>
    <line>
      <![CDATA[By.cssSelector: input[id = year-input]]]>
    </line>
    <line>
      <![CDATA[found the Element:]]>
    </line>
    <line>
      <![CDATA[By.cssSelector: input[id = year-input]]]>
    </line>
    <line>
      <![CDATA[finding the Element:]]>
    </line>
    <line>
      <![CDATA[By.cssSelector: input[id = year-input]]]>
    </line>
    <line>
      <![CDATA[found the Element:]]>
    </line>
    <line>
      <![CDATA[By.cssSelector: input[id = year-input]]]>
    </line>
    <line>
      <![CDATA[finding the Element:]]>
    </line>
    <line>
      <![CDATA[By.cssSelector: input[id = year-input]]]>
    </line>
    <line>
      <![CDATA[found the Element:]]>
    </line>
    <line>
      <![CDATA[By.cssSelector: input[id = year-input]]]>
    </line>
    <line>
      <![CDATA[finding the Element:]]>
    </line>
    <line>
      <![CDATA[By.cssSelector: input[id = year-input]]]>
    </line>
    <line>
      <![CDATA[found the Element:]]>
    </line>
    <line>
      <![CDATA[By.cssSelector: input[id = year-input]]]>
    </line>
    <line>
      <![CDATA[finding the Element:]]>
    </line>
    <line>
      <![CDATA[By.cssSelector: input[id = year-input]]]>
    </line>
    <line>
      <![CDATA[found the Element:]]>
    </line>
    <line>
      <![CDATA[By.cssSelector: input[id = year-input]]]>
    </line>
    <line>
      <![CDATA[finding the Element:]]>
    </line>
    <line>
      <![CDATA[By.cssSelector: input[id = year-input]]]>
    </line>
    <line>
      <![CDATA[found the Element:]]>
    </line>
    <line>
      <![CDATA[By.cssSelector: input[id = year-input]]]>
    </line>
    <line>
      <![CDATA[finding the Element:]]>
    </line>
    <line>
      <![CDATA[By.cssSelector: input[id = year-input]]]>
    </line>
    <line>
      <![CDATA[found the Element:]]>
    </line>
    <line>
      <![CDATA[By.cssSelector: input[id = year-input]]]>
    </line>
    <line>
      <![CDATA[finding the Element:]]>
    </line>
    <line>
      <![CDATA[By.cssSelector: input[id = year-input]]]>
    </line>
    <line>
      <![CDATA[found the Element:]]>
    </line>
    <line>
      <![CDATA[By.cssSelector: input[id = year-input]]]>
    </line>
    <line>
      <![CDATA[finding the Element:]]>
    </line>
    <line>
      <![CDATA[By.cssSelector: input[id = year-input]]]>
    </line>
    <line>
      <![CDATA[found the Element:]]>
    </line>
    <line>
      <![CDATA[By.cssSelector: input[id = year-input]]]>
    </line>
    <line>
      <![CDATA[finding the Element:]]>
    </line>
    <line>
      <![CDATA[By.cssSelector: input[id = year-input]]]>
    </line>
    <line>
      <![CDATA[found the Element:]]>
    </line>
    <line>
      <![CDATA[By.cssSelector: input[id = year-input]]]>
    </line>
    <line>
      <![CDATA[finding the Element:]]>
    </line>
    <line>
      <![CDATA[By.cssSelector: input[id = year-input]]]>
    </line>
    <line>
      <![CDATA[found the Element:]]>
    </line>
    <line>
      <![CDATA[By.cssSelector: input[id = year-input]]]>
    </line>
    <line>
      <![CDATA[finding the Element:]]>
    </line>
    <line>
      <![CDATA[By.cssSelector: input[id = year-input]]]>
    </line>
    <line>
      <![CDATA[found the Element:]]>
    </line>
    <line>
      <![CDATA[By.cssSelector: input[id = year-input]]]>
    </line>
    <line>
      <![CDATA[finding the Element:]]>
    </line>
    <line>
      <![CDATA[By.cssSelector: input[id = year-input]]]>
    </line>
    <line>
      <![CDATA[found the Element:]]>
    </line>
    <line>
      <![CDATA[By.cssSelector: input[id = year-input]]]>
    </line>
    <line>
      <![CDATA[finding the Element:]]>
    </line>
    <line>
      <![CDATA[By.cssSelector: input[id = year-input]]]>
    </line>
    <line>
      <![CDATA[found the Element:]]>
    </line>
    <line>
      <![CDATA[By.cssSelector: input[id = year-input]]]>
    </line>
    <line>
      <![CDATA[finding the Element:]]>
    </line>
    <line>
      <![CDATA[By.cssSelector: input[id = year-input]]]>
    </line>
    <line>
      <![CDATA[found the Element:]]>
    </line>
    <line>
      <![CDATA[By.cssSelector: input[id = year-input]]]>
    </line>
    <line>
      <![CDATA[finding the Element:]]>
    </line>
    <line>
      <![CDATA[By.cssSelector: input[id = year-input]]]>
    </line>
    <line>
      <![CDATA[found the Element:]]>
    </line>
    <line>
      <![CDATA[By.cssSelector: input[id = year-input]]]>
    </line>
    <line>
      <![CDATA[finding the Element:]]>
    </line>
    <line>
      <![CDATA[By.cssSelector: input[id = year-input]]]>
    </line>
    <line>
      <![CDATA[found the Element:]]>
    </line>
    <line>
      <![CDATA[By.cssSelector: input[id = year-input]]]>
    </line>
    <line>
      <![CDATA[finding the Element:]]>
    </line>
    <line>
      <![CDATA[By.cssSelector: input[id = year-input]]]>
    </line>
    <line>
      <![CDATA[found the Element:]]>
    </line>
    <line>
      <![CDATA[By.cssSelector: input[id = year-input]]]>
    </line>
    <line>
      <![CDATA[finding the Element:]]>
    </line>
    <line>
      <![CDATA[By.cssSelector: input[id = year-input]]]>
    </line>
    <line>
      <![CDATA[found the Element:]]>
    </line>
    <line>
      <![CDATA[By.cssSelector: input[id = year-input]]]>
    </line>
    <line>
      <![CDATA[finding the Element:]]>
    </line>
    <line>
      <![CDATA[By.cssSelector: input[id = year-input]]]>
    </line>
    <line>
      <![CDATA[found the Element:]]>
    </line>
    <line>
      <![CDATA[By.cssSelector: input[id = year-input]]]>
    </line>
    <line>
      <![CDATA[finding the Element:]]>
    </line>
    <line>
      <![CDATA[By.cssSelector: input[id = year-input]]]>
    </line>
    <line>
      <![CDATA[found the Element:]]>
    </line>
    <line>
      <![CDATA[By.cssSelector: input[id = year-input]]]>
    </line>
    <line>
      <![CDATA[finding the Element:]]>
    </line>
    <line>
      <![CDATA[By.cssSelector: input[id = year-input]]]>
    </line>
    <line>
      <![CDATA[found the Element:]]>
    </line>
    <line>
      <![CDATA[By.cssSelector: input[id = year-input]]]>
    </line>
    <line>
      <![CDATA[finding the Element:]]>
    </line>
    <line>
      <![CDATA[By.cssSelector: input[id = year-input]]]>
    </line>
    <line>
      <![CDATA[found the Element:]]>
    </line>
    <line>
      <![CDATA[By.cssSelector: input[id = year-input]]]>
    </line>
    <line>
      <![CDATA[finding the Element:]]>
    </line>
    <line>
      <![CDATA[By.cssSelector: input[id = year-input]]]>
    </line>
    <line>
      <![CDATA[found the Element:]]>
    </line>
    <line>
      <![CDATA[By.cssSelector: input[id = year-input]]]>
    </line>
    <line>
      <![CDATA[finding the Element:]]>
    </line>
    <line>
      <![CDATA[By.cssSelector: input[id = year-input]]]>
    </line>
    <line>
      <![CDATA[found the Element:]]>
    </line>
    <line>
      <![CDATA[By.cssSelector: input[id = year-input]]]>
    </line>
    <line>
      <![CDATA[finding the Element:]]>
    </line>
    <line>
      <![CDATA[By.cssSelector: input[id = year-input]]]>
    </line>
    <line>
      <![CDATA[found the Element:]]>
    </line>
    <line>
      <![CDATA[By.cssSelector: input[id = year-input]]]>
    </line>
    <line>
      <![CDATA[finding the Element:]]>
    </line>
    <line>
      <![CDATA[By.cssSelector: input[id = year-input]]]>
    </line>
    <line>
      <![CDATA[found the Element:]]>
    </line>
    <line>
      <![CDATA[By.cssSelector: input[id = year-input]]]>
    </line>
    <line>
      <![CDATA[finding the Element:]]>
    </line>
    <line>
      <![CDATA[By.cssSelector: input[id = year-input]]]>
    </line>
    <line>
      <![CDATA[found the Element:]]>
    </line>
    <line>
      <![CDATA[By.cssSelector: input[id = year-input]]]>
    </line>
    <line>
      <![CDATA[finding the Element:]]>
    </line>
    <line>
      <![CDATA[By.cssSelector: input[id = year-input]]]>
    </line>
    <line>
      <![CDATA[found the Element:]]>
    </line>
    <line>
      <![CDATA[By.cssSelector: input[id = year-input]]]>
    </line>
    <line>
      <![CDATA[finding the Element:Continue]]>
    </line>
    <line>
      <![CDATA[By.xpath: //span[contains(text(),'Continue')]]]>
    </line>
    <line>
      <![CDATA[found the Element:Continue]]>
    </line>
    <line>
      <![CDATA[By.xpath: //span[contains(text(),'Continue')]]]>
    </line>
    <line>
      <![CDATA[finding the Element:Continue]]>
    </line>
    <line>
      <![CDATA[By.xpath: //span[contains(text(),'Continue')]]]>
    </line>
    <line>
      <![CDATA[found the Element:Continue]]>
    </line>
    <line>
      <![CDATA[By.xpath: //span[contains(text(),'Continue')]]]>
    </line>
    <line>
      <![CDATA[finding the Element:Continue]]>
    </line>
    <line>
      <![CDATA[By.xpath: //span[contains(text(),'Continue')]]]>
    </line>
    <line>
      <![CDATA[found the Element:Continue]]>
    </line>
    <line>
      <![CDATA[By.xpath: //span[contains(text(),'Continue')]]]>
    </line>
    <line>
      <![CDATA[finding the Element:Continue]]>
    </line>
    <line>
      <![CDATA[By.xpath: //span[contains(text(),'Continue')]]]>
    </line>
    <line>
      <![CDATA[found the Element:Continue]]>
    </line>
    <line>
      <![CDATA[By.xpath: //span[contains(text(),'Continue')]]]>
    </line>
    <line>
      <![CDATA[finding the Element:Continue]]>
    </line>
    <line>
      <![CDATA[By.xpath: //span[contains(text(),'Continue')]]]>
    </line>
    <line>
      <![CDATA[found the Element:Continue]]>
    </line>
    <line>
      <![CDATA[By.xpath: //span[contains(text(),'Continue')]]]>
    </line>
    <line>
      <![CDATA[finding the Element:Continue]]>
    </line>
    <line>
      <![CDATA[By.xpath: //span[contains(text(),'Continue')]]]>
    </line>
    <line>
      <![CDATA[found the Element:Continue]]>
    </line>
    <line>
      <![CDATA[By.xpath: //span[contains(text(),'Continue')]]]>
    </line>
    <line>
      <![CDATA[finding the Element:Continue]]>
    </line>
    <line>
      <![CDATA[By.xpath: //span[contains(text(),'Continue')]]]>
    </line>
    <line>
      <![CDATA[found the Element:Continue]]>
    </line>
    <line>
      <![CDATA[By.xpath: //span[contains(text(),'Continue')]]]>
    </line>
    <line>
      <![CDATA[finding the Element:Continue]]>
    </line>
    <line>
      <![CDATA[By.xpath: //span[contains(text(),'Continue')]]]>
    </line>
    <line>
      <![CDATA[found the Element:Continue]]>
    </line>
    <line>
      <![CDATA[By.xpath: //span[contains(text(),'Continue')]]]>
    </line>
    <line>
      <![CDATA[finding the Element:Continue]]>
    </line>
    <line>
      <![CDATA[By.xpath: //span[contains(text(),'Continue')]]]>
    </line>
    <line>
      <![CDATA[found the Element:Continue]]>
    </line>
    <line>
      <![CDATA[By.xpath: //span[contains(text(),'Continue')]]]>
    </line>
    <line>
      <![CDATA[finding the Element:Continue]]>
    </line>
    <line>
      <![CDATA[By.xpath: //span[contains(text(),'Continue')]]]>
    </line>
    <line>
      <![CDATA[found the Element:Continue]]>
    </line>
    <line>
      <![CDATA[By.xpath: //span[contains(text(),'Continue')]]]>
    </line>
    <line>
      <![CDATA[finding the Element:Continue]]>
    </line>
    <line>
      <![CDATA[By.xpath: //span[contains(text(),'Continue')]]]>
    </line>
    <line>
      <![CDATA[found the Element:Continue]]>
    </line>
    <line>
      <![CDATA[By.xpath: //span[contains(text(),'Continue')]]]>
    </line>
    <line>
      <![CDATA[finding the Element:Continue]]>
    </line>
    <line>
      <![CDATA[By.xpath: //span[contains(text(),'Continue')]]]>
    </line>
    <line>
      <![CDATA[found the Element:Continue]]>
    </line>
    <line>
      <![CDATA[By.xpath: //span[contains(text(),'Continue')]]]>
    </line>
    <line>
      <![CDATA[finding the Element:Continue]]>
    </line>
    <line>
      <![CDATA[By.xpath: //span[contains(text(),'Continue')]]]>
    </line>
    <line>
      <![CDATA[found the Element:Continue]]>
    </line>
    <line>
      <![CDATA[By.xpath: //span[contains(text(),'Continue')]]]>
    </line>
    <line>
      <![CDATA[finding the Element:Continue]]>
    </line>
    <line>
      <![CDATA[By.xpath: //span[contains(text(),'Continue')]]]>
    </line>
    <line>
      <![CDATA[found the Element:Continue]]>
    </line>
    <line>
      <![CDATA[By.xpath: //span[contains(text(),'Continue')]]]>
    </line>
    <line>
      <![CDATA[finding the Element:Continue]]>
    </line>
    <line>
      <![CDATA[By.xpath: //span[contains(text(),'Continue')]]]>
    </line>
    <line>
      <![CDATA[found the Element:Continue]]>
    </line>
    <line>
      <![CDATA[By.xpath: //span[contains(text(),'Continue')]]]>
    </line>
    <line>
      <![CDATA[finding the Element:Continue]]>
    </line>
    <line>
      <![CDATA[By.xpath: //span[contains(text(),'Continue')]]]>
    </line>
    <line>
      <![CDATA[found the Element:Continue]]>
    </line>
    <line>
      <![CDATA[By.xpath: //span[contains(text(),'Continue')]]]>
    </line>
    <line>
      <![CDATA[finding the Element:Continue]]>
    </line>
    <line>
      <![CDATA[By.xpath: //span[contains(text(),'Continue')]]]>
    </line>
    <line>
      <![CDATA[found the Element:Continue]]>
    </line>
    <line>
      <![CDATA[By.xpath: //span[contains(text(),'Continue')]]]>
    </line>
    <line>
      <![CDATA[finding the Element:Continue]]>
    </line>
    <line>
      <![CDATA[By.xpath: //span[contains(text(),'Continue')]]]>
    </line>
    <line>
      <![CDATA[found the Element:Continue]]>
    </line>
    <line>
      <![CDATA[By.xpath: //span[contains(text(),'Continue')]]]>
    </line>
    <line>
      <![CDATA[finding the Element:Continue]]>
    </line>
    <line>
      <![CDATA[By.xpath: //span[contains(text(),'Continue')]]]>
    </line>
    <line>
      <![CDATA[found the Element:Continue]]>
    </line>
    <line>
      <![CDATA[By.xpath: //span[contains(text(),'Continue')]]]>
    </line>
    <line>
      <![CDATA[finding the Element:Continue]]>
    </line>
    <line>
      <![CDATA[By.xpath: //span[contains(text(),'Continue')]]]>
    </line>
    <line>
      <![CDATA[found the Element:Continue]]>
    </line>
    <line>
      <![CDATA[By.xpath: //span[contains(text(),'Continue')]]]>
    </line>
    <line>
      <![CDATA[finding the Element:Continue]]>
    </line>
    <line>
      <![CDATA[By.xpath: //span[contains(text(),'Continue')]]]>
    </line>
    <line>
      <![CDATA[found the Element:Continue]]>
    </line>
    <line>
      <![CDATA[By.xpath: //span[contains(text(),'Continue')]]]>
    </line>
    <line>
      <![CDATA[finding the Element:Continue]]>
    </line>
    <line>
      <![CDATA[By.xpath: //span[contains(text(),'Continue')]]]>
    </line>
    <line>
      <![CDATA[found the Element:Continue]]>
    </line>
    <line>
      <![CDATA[By.xpath: //span[contains(text(),'Continue')]]]>
    </line>
    <line>
      <![CDATA[finding the Element:Continue]]>
    </line>
    <line>
      <![CDATA[By.xpath: //span[contains(text(),'Continue')]]]>
    </line>
    <line>
      <![CDATA[found the Element:Continue]]>
    </line>
    <line>
      <![CDATA[By.xpath: //span[contains(text(),'Continue')]]]>
    </line>
    <line>
      <![CDATA[finding the Element:Continue]]>
    </line>
    <line>
      <![CDATA[By.xpath: //span[contains(text(),'Continue')]]]>
    </line>
    <line>
      <![CDATA[found the Element:Continue]]>
    </line>
    <line>
      <![CDATA[By.xpath: //span[contains(text(),'Continue')]]]>
    </line>
    <line>
      <![CDATA[finding the Element:Continue]]>
    </line>
    <line>
      <![CDATA[By.xpath: //span[contains(text(),'Continue')]]]>
    </line>
    <line>
      <![CDATA[found the Element:Continue]]>
    </line>
    <line>
      <![CDATA[By.xpath: //span[contains(text(),'Continue')]]]>
    </line>
    <line>
      <![CDATA[finding the Element:Continue]]>
    </line>
    <line>
      <![CDATA[By.xpath: //span[contains(text(),'Continue')]]]>
    </line>
    <line>
      <![CDATA[found the Element:Continue]]>
    </line>
    <line>
      <![CDATA[By.xpath: //span[contains(text(),'Continue')]]]>
    </line>
    <line>
      <![CDATA[finding the Element:Continue]]>
    </line>
    <line>
      <![CDATA[By.xpath: //span[contains(text(),'Continue')]]]>
    </line>
    <line>
      <![CDATA[found the Element:Continue]]>
    </line>
    <line>
      <![CDATA[By.xpath: //span[contains(text(),'Continue')]]]>
    </line>
    <line>
      <![CDATA[finding the Element:Continue]]>
    </line>
    <line>
      <![CDATA[By.xpath: //span[contains(text(),'Continue')]]]>
    </line>
    <line>
      <![CDATA[found the Element:Continue]]>
    </line>
    <line>
      <![CDATA[By.xpath: //span[contains(text(),'Continue')]]]>
    </line>
    <line>
      <![CDATA[finding the Element:Continue]]>
    </line>
    <line>
      <![CDATA[By.xpath: //span[contains(text(),'Continue')]]]>
    </line>
    <line>
      <![CDATA[found the Element:Continue]]>
    </line>
    <line>
      <![CDATA[By.xpath: //span[contains(text(),'Continue')]]]>
    </line>
    <line>
      <![CDATA[finding the Element:Continue]]>
    </line>
    <line>
      <![CDATA[By.xpath: //span[contains(text(),'Continue')]]]>
    </line>
    <line>
      <![CDATA[found the Element:Continue]]>
    </line>
    <line>
      <![CDATA[By.xpath: //span[contains(text(),'Continue')]]]>
    </line>
    <line>
      <![CDATA[finding the Element:Continue]]>
    </line>
    <line>
      <![CDATA[By.xpath: //span[contains(text(),'Continue')]]]>
    </line>
    <line>
      <![CDATA[found the Element:Continue]]>
    </line>
    <line>
      <![CDATA[By.xpath: //span[contains(text(),'Continue')]]]>
    </line>
    <line>
      <![CDATA[finding the Element:Continue]]>
    </line>
    <line>
      <![CDATA[By.xpath: //span[contains(text(),'Continue')]]]>
    </line>
    <line>
      <![CDATA[found the Element:Continue]]>
    </line>
    <line>
      <![CDATA[By.xpath: //span[contains(text(),'Continue')]]]>
    </line>
    <line>
      <![CDATA[finding the Element:Continue]]>
    </line>
    <line>
      <![CDATA[By.xpath: //span[contains(text(),'Continue')]]]>
    </line>
    <line>
      <![CDATA[found the Element:Continue]]>
    </line>
    <line>
      <![CDATA[By.xpath: //span[contains(text(),'Continue')]]]>
    </line>
    <line>
      <![CDATA[finding the Element:Continue]]>
    </line>
    <line>
      <![CDATA[By.xpath: //span[contains(text(),'Continue')]]]>
    </line>
    <line>
      <![CDATA[found the Element:Continue]]>
    </line>
    <line>
      <![CDATA[By.xpath: //span[contains(text(),'Continue')]]]>
    </line>
    <line>
      <![CDATA[finding the Element:Continue]]>
    </line>
    <line>
      <![CDATA[By.xpath: //span[contains(text(),'Continue')]]]>
    </line>
    <line>
      <![CDATA[found the Element:Continue]]>
    </line>
    <line>
      <![CDATA[By.xpath: //span[contains(text(),'Continue')]]]>
    </line>
    <line>
      <![CDATA[finding the Element:]]>
    </line>
    <line>
      <![CDATA[By.name: email]]>
    </line>
    <line>
      <![CDATA[found the Element:]]>
    </line>
    <line>
      <![CDATA[By.name: email]]>
    </line>
    <line>
      <![CDATA[finding the Element:]]>
    </line>
    <line>
      <![CDATA[By.name: email]]>
    </line>
    <line>
      <![CDATA[found the Element:]]>
    </line>
    <line>
      <![CDATA[By.name: email]]>
    </line>
    <line>
      <![CDATA[finding the Element:]]>
    </line>
    <line>
      <![CDATA[By.name: email]]>
    </line>
    <line>
      <![CDATA[found the Element:]]>
    </line>
    <line>
      <![CDATA[By.name: email]]>
    </line>
    <line>
      <![CDATA[finding the Element:]]>
    </line>
    <line>
      <![CDATA[By.name: email]]>
    </line>
    <line>
      <![CDATA[found the Element:]]>
    </line>
    <line>
      <![CDATA[By.name: email]]>
    </line>
    <line>
      <![CDATA[finding the Element:]]>
    </line>
    <line>
      <![CDATA[By.name: email]]>
    </line>
    <line>
      <![CDATA[found the Element:]]>
    </line>
    <line>
      <![CDATA[By.name: email]]>
    </line>
    <line>
      <![CDATA[finding the Element:]]>
    </line>
    <line>
      <![CDATA[By.name: email]]>
    </line>
    <line>
      <![CDATA[found the Element:]]>
    </line>
    <line>
      <![CDATA[By.name: email]]>
    </line>
    <line>
      <![CDATA[finding the Element:]]>
    </line>
    <line>
      <![CDATA[By.name: email]]>
    </line>
    <line>
      <![CDATA[found the Element:]]>
    </line>
    <line>
      <![CDATA[By.name: email]]>
    </line>
    <line>
      <![CDATA[finding the Element:]]>
    </line>
    <line>
      <![CDATA[By.name: email]]>
    </line>
    <line>
      <![CDATA[found the Element:]]>
    </line>
    <line>
      <![CDATA[By.name: email]]>
    </line>
    <line>
      <![CDATA[finding the Element:]]>
    </line>
    <line>
      <![CDATA[By.name: email]]>
    </line>
    <line>
      <![CDATA[found the Element:]]>
    </line>
    <line>
      <![CDATA[By.name: email]]>
    </line>
    <line>
      <![CDATA[finding the Element:]]>
    </line>
    <line>
      <![CDATA[By.name: email]]>
    </line>
    <line>
      <![CDATA[found the Element:]]>
    </line>
    <line>
      <![CDATA[By.name: email]]>
    </line>
    <line>
      <![CDATA[finding the Element:]]>
    </line>
    <line>
      <![CDATA[By.name: email]]>
    </line>
    <line>
      <![CDATA[found the Element:]]>
    </line>
    <line>
      <![CDATA[By.name: email]]>
    </line>
    <line>
      <![CDATA[finding the Element:]]>
    </line>
    <line>
      <![CDATA[By.name: email]]>
    </line>
    <line>
      <![CDATA[found the Element:]]>
    </line>
    <line>
      <![CDATA[By.name: email]]>
    </line>
    <line>
      <![CDATA[finding the Element:]]>
    </line>
    <line>
      <![CDATA[By.name: email]]>
    </line>
    <line>
      <![CDATA[found the Element:]]>
    </line>
    <line>
      <![CDATA[By.name: email]]>
    </line>
    <line>
      <![CDATA[finding the Element:]]>
    </line>
    <line>
      <![CDATA[By.name: email]]>
    </line>
    <line>
      <![CDATA[found the Element:]]>
    </line>
    <line>
      <![CDATA[By.name: email]]>
    </line>
    <line>
      <![CDATA[finding the Element:]]>
    </line>
    <line>
      <![CDATA[By.name: email]]>
    </line>
    <line>
      <![CDATA[found the Element:]]>
    </line>
    <line>
      <![CDATA[By.name: email]]>
    </line>
    <line>
      <![CDATA[finding the Element:]]>
    </line>
    <line>
      <![CDATA[By.name: email]]>
    </line>
    <line>
      <![CDATA[found the Element:]]>
    </line>
    <line>
      <![CDATA[By.name: email]]>
    </line>
    <line>
      <![CDATA[finding the Element:]]>
    </line>
    <line>
      <![CDATA[By.name: email]]>
    </line>
    <line>
      <![CDATA[found the Element:]]>
    </line>
    <line>
      <![CDATA[By.name: email]]>
    </line>
    <line>
      <![CDATA[finding the Element:]]>
    </line>
    <line>
      <![CDATA[By.name: email]]>
    </line>
    <line>
      <![CDATA[found the Element:]]>
    </line>
    <line>
      <![CDATA[By.name: email]]>
    </line>
    <line>
      <![CDATA[finding the Element:]]>
    </line>
    <line>
      <![CDATA[By.name: email]]>
    </line>
    <line>
      <![CDATA[found the Element:]]>
    </line>
    <line>
      <![CDATA[By.name: email]]>
    </line>
    <line>
      <![CDATA[finding the Element:]]>
    </line>
    <line>
      <![CDATA[By.name: email]]>
    </line>
    <line>
      <![CDATA[found the Element:]]>
    </line>
    <line>
      <![CDATA[By.name: email]]>
    </line>
    <line>
      <![CDATA[finding the Element:]]>
    </line>
    <line>
      <![CDATA[By.name: email]]>
    </line>
    <line>
      <![CDATA[found the Element:]]>
    </line>
    <line>
      <![CDATA[By.name: email]]>
    </line>
    <line>
      <![CDATA[finding the Element:]]>
    </line>
    <line>
      <![CDATA[By.name: email]]>
    </line>
    <line>
      <![CDATA[found the Element:]]>
    </line>
    <line>
      <![CDATA[By.name: email]]>
    </line>
    <line>
      <![CDATA[finding the Element:]]>
    </line>
    <line>
      <![CDATA[By.name: email]]>
    </line>
    <line>
      <![CDATA[found the Element:]]>
    </line>
    <line>
      <![CDATA[By.name: email]]>
    </line>
    <line>
      <![CDATA[finding the Element:]]>
    </line>
    <line>
      <![CDATA[By.name: email]]>
    </line>
    <line>
      <![CDATA[found the Element:]]>
    </line>
    <line>
      <![CDATA[By.name: email]]>
    </line>
    <line>
      <![CDATA[finding the Element:]]>
    </line>
    <line>
      <![CDATA[By.name: email]]>
    </line>
    <line>
      <![CDATA[found the Element:]]>
    </line>
    <line>
      <![CDATA[By.name: email]]>
    </line>
    <line>
      <![CDATA[finding the Element:]]>
    </line>
    <line>
      <![CDATA[By.name: email]]>
    </line>
    <line>
      <![CDATA[found the Element:]]>
    </line>
    <line>
      <![CDATA[By.name: email]]>
    </line>
    <line>
      <![CDATA[finding the Element:]]>
    </line>
    <line>
      <![CDATA[By.name: email]]>
    </line>
    <line>
      <![CDATA[found the Element:]]>
    </line>
    <line>
      <![CDATA[By.name: email]]>
    </line>
    <line>
      <![CDATA[finding the Element:]]>
    </line>
    <line>
      <![CDATA[By.name: email]]>
    </line>
    <line>
      <![CDATA[found the Element:]]>
    </line>
    <line>
      <![CDATA[By.name: email]]>
    </line>
    <line>
      <![CDATA[finding the Element:]]>
    </line>
    <line>
      <![CDATA[By.name: email]]>
    </line>
    <line>
      <![CDATA[found the Element:]]>
    </line>
    <line>
      <![CDATA[By.name: email]]>
    </line>
    <line>
      <![CDATA[finding the Element:]]>
    </line>
    <line>
      <![CDATA[By.name: email]]>
    </line>
    <line>
      <![CDATA[found the Element:]]>
    </line>
    <line>
      <![CDATA[By.name: email]]>
    </line>
    <line>
      <![CDATA[finding the Element:]]>
    </line>
    <line>
      <![CDATA[By.name: email]]>
    </line>
    <line>
      <![CDATA[found the Element:]]>
    </line>
    <line>
      <![CDATA[By.name: email]]>
    </line>
    <line>
      <![CDATA[finding the Element:]]>
    </line>
    <line>
      <![CDATA[By.name: email]]>
    </line>
    <line>
      <![CDATA[found the Element:]]>
    </line>
    <line>
      <![CDATA[By.name: email]]>
    </line>
    <line>
      <![CDATA[finding the Element:]]>
    </line>
    <line>
      <![CDATA[By.name: email]]>
    </line>
    <line>
      <![CDATA[found the Element:]]>
    </line>
    <line>
      <![CDATA[By.name: email]]>
    </line>
    <line>
      <![CDATA[finding the Element:]]>
    </line>
    <line>
      <![CDATA[By.name: email]]>
    </line>
    <line>
      <![CDATA[found the Element:]]>
    </line>
    <line>
      <![CDATA[By.name: email]]>
    </line>
    <line>
      <![CDATA[finding the Element:]]>
    </line>
    <line>
      <![CDATA[By.name: email]]>
    </line>
    <line>
      <![CDATA[found the Element:]]>
    </line>
    <line>
      <![CDATA[By.name: email]]>
    </line>
    <line>
      <![CDATA[finding the Element:]]>
    </line>
    <line>
      <![CDATA[By.name: email]]>
    </line>
    <line>
      <![CDATA[found the Element:]]>
    </line>
    <line>
      <![CDATA[By.name: email]]>
    </line>
    <line>
      <![CDATA[finding the Element:]]>
    </line>
    <line>
      <![CDATA[By.cssSelector: input[id = password-input]]]>
    </line>
    <line>
      <![CDATA[found the Element:]]>
    </line>
    <line>
      <![CDATA[By.cssSelector: input[id = password-input]]]>
    </line>
    <line>
      <![CDATA[finding the Element:]]>
    </line>
    <line>
      <![CDATA[By.cssSelector: input[id = password-input]]]>
    </line>
    <line>
      <![CDATA[found the Element:]]>
    </line>
    <line>
      <![CDATA[By.cssSelector: input[id = password-input]]]>
    </line>
    <line>
      <![CDATA[finding the Element:]]>
    </line>
    <line>
      <![CDATA[By.cssSelector: input[id = password-input]]]>
    </line>
    <line>
      <![CDATA[found the Element:]]>
    </line>
    <line>
      <![CDATA[By.cssSelector: input[id = password-input]]]>
    </line>
    <line>
      <![CDATA[finding the Element:]]>
    </line>
    <line>
      <![CDATA[By.cssSelector: input[id = password-input]]]>
    </line>
    <line>
      <![CDATA[found the Element:]]>
    </line>
    <line>
      <![CDATA[By.cssSelector: input[id = password-input]]]>
    </line>
    <line>
      <![CDATA[finding the Element:]]>
    </line>
    <line>
      <![CDATA[By.cssSelector: input[id = password-input]]]>
    </line>
    <line>
      <![CDATA[found the Element:]]>
    </line>
    <line>
      <![CDATA[By.cssSelector: input[id = password-input]]]>
    </line>
    <line>
      <![CDATA[finding the Element:]]>
    </line>
    <line>
      <![CDATA[By.cssSelector: input[id = password-input]]]>
    </line>
    <line>
      <![CDATA[found the Element:]]>
    </line>
    <line>
      <![CDATA[By.cssSelector: input[id = password-input]]]>
    </line>
    <line>
      <![CDATA[finding the Element:]]>
    </line>
    <line>
      <![CDATA[By.cssSelector: input[id = password-input]]]>
    </line>
    <line>
      <![CDATA[found the Element:]]>
    </line>
    <line>
      <![CDATA[By.cssSelector: input[id = password-input]]]>
    </line>
    <line>
      <![CDATA[finding the Element:]]>
    </line>
    <line>
      <![CDATA[By.cssSelector: input[id = password-input]]]>
    </line>
    <line>
      <![CDATA[found the Element:]]>
    </line>
    <line>
      <![CDATA[By.cssSelector: input[id = password-input]]]>
    </line>
    <line>
      <![CDATA[finding the Element:]]>
    </line>
    <line>
      <![CDATA[By.cssSelector: input[id = password-input]]]>
    </line>
    <line>
      <![CDATA[found the Element:]]>
    </line>
    <line>
      <![CDATA[By.cssSelector: input[id = password-input]]]>
    </line>
    <line>
      <![CDATA[finding the Element:]]>
    </line>
    <line>
      <![CDATA[By.cssSelector: input[id = password-input]]]>
    </line>
    <line>
      <![CDATA[found the Element:]]>
    </line>
    <line>
      <![CDATA[By.cssSelector: input[id = password-input]]]>
    </line>
    <line>
      <![CDATA[finding the Element:]]>
    </line>
    <line>
      <![CDATA[By.cssSelector: input[id = password-input]]]>
    </line>
    <line>
      <![CDATA[found the Element:]]>
    </line>
    <line>
      <![CDATA[By.cssSelector: input[id = password-input]]]>
    </line>
    <line>
      <![CDATA[finding the Element:]]>
    </line>
    <line>
      <![CDATA[By.cssSelector: input[id = password-input]]]>
    </line>
    <line>
      <![CDATA[found the Element:]]>
    </line>
    <line>
      <![CDATA[By.cssSelector: input[id = password-input]]]>
    </line>
    <line>
      <![CDATA[finding the Element:]]>
    </line>
    <line>
      <![CDATA[By.cssSelector: input[id = password-input]]]>
    </line>
    <line>
      <![CDATA[found the Element:]]>
    </line>
    <line>
      <![CDATA[By.cssSelector: input[id = password-input]]]>
    </line>
    <line>
      <![CDATA[finding the Element:]]>
    </line>
    <line>
      <![CDATA[By.cssSelector: input[id = password-input]]]>
    </line>
    <line>
      <![CDATA[found the Element:]]>
    </line>
    <line>
      <![CDATA[By.cssSelector: input[id = password-input]]]>
    </line>
    <line>
      <![CDATA[finding the Element:]]>
    </line>
    <line>
      <![CDATA[By.cssSelector: input[id = password-input]]]>
    </line>
    <line>
      <![CDATA[found the Element:]]>
    </line>
    <line>
      <![CDATA[By.cssSelector: input[id = password-input]]]>
    </line>
    <line>
      <![CDATA[finding the Element:]]>
    </line>
    <line>
      <![CDATA[By.cssSelector: input[id = password-input]]]>
    </line>
    <line>
      <![CDATA[found the Element:]]>
    </line>
    <line>
      <![CDATA[By.cssSelector: input[id = password-input]]]>
    </line>
    <line>
      <![CDATA[finding the Element:]]>
    </line>
    <line>
      <![CDATA[By.cssSelector: input[id = password-input]]]>
    </line>
    <line>
      <![CDATA[found the Element:]]>
    </line>
    <line>
      <![CDATA[By.cssSelector: input[id = password-input]]]>
    </line>
    <line>
      <![CDATA[finding the Element:]]>
    </line>
    <line>
      <![CDATA[By.cssSelector: input[id = password-input]]]>
    </line>
    <line>
      <![CDATA[found the Element:]]>
    </line>
    <line>
      <![CDATA[By.cssSelector: input[id = password-input]]]>
    </line>
    <line>
      <![CDATA[finding the Element:]]>
    </line>
    <line>
      <![CDATA[By.cssSelector: input[id = password-input]]]>
    </line>
    <line>
      <![CDATA[found the Element:]]>
    </line>
    <line>
      <![CDATA[By.cssSelector: input[id = password-input]]]>
    </line>
    <line>
      <![CDATA[finding the Element:]]>
    </line>
    <line>
      <![CDATA[By.cssSelector: input[id = password-input]]]>
    </line>
    <line>
      <![CDATA[found the Element:]]>
    </line>
    <line>
      <![CDATA[By.cssSelector: input[id = password-input]]]>
    </line>
    <line>
      <![CDATA[finding the Element:]]>
    </line>
    <line>
      <![CDATA[By.cssSelector: input[id = password-input]]]>
    </line>
    <line>
      <![CDATA[found the Element:]]>
    </line>
    <line>
      <![CDATA[By.cssSelector: input[id = password-input]]]>
    </line>
    <line>
      <![CDATA[finding the Element:]]>
    </line>
    <line>
      <![CDATA[By.cssSelector: input[id = password-input]]]>
    </line>
    <line>
      <![CDATA[found the Element:]]>
    </line>
    <line>
      <![CDATA[By.cssSelector: input[id = password-input]]]>
    </line>
    <line>
      <![CDATA[finding the Element:]]>
    </line>
    <line>
      <![CDATA[By.cssSelector: input[id = password-input]]]>
    </line>
    <line>
      <![CDATA[found the Element:]]>
    </line>
    <line>
      <![CDATA[By.cssSelector: input[id = password-input]]]>
    </line>
    <line>
      <![CDATA[finding the Element:]]>
    </line>
    <line>
      <![CDATA[By.cssSelector: input[id = password-input]]]>
    </line>
    <line>
      <![CDATA[found the Element:]]>
    </line>
    <line>
      <![CDATA[By.cssSelector: input[id = password-input]]]>
    </line>
    <line>
      <![CDATA[finding the Element:]]>
    </line>
    <line>
      <![CDATA[By.cssSelector: input[id = password-input]]]>
    </line>
    <line>
      <![CDATA[found the Element:]]>
    </line>
    <line>
      <![CDATA[By.cssSelector: input[id = password-input]]]>
    </line>
    <line>
      <![CDATA[finding the Element:]]>
    </line>
    <line>
      <![CDATA[By.cssSelector: input[id = password-input]]]>
    </line>
    <line>
      <![CDATA[found the Element:]]>
    </line>
    <line>
      <![CDATA[By.cssSelector: input[id = password-input]]]>
    </line>
    <line>
      <![CDATA[finding the Element:]]>
    </line>
    <line>
      <![CDATA[By.cssSelector: input[id = password-input]]]>
    </line>
    <line>
      <![CDATA[found the Element:]]>
    </line>
    <line>
      <![CDATA[By.cssSelector: input[id = password-input]]]>
    </line>
    <line>
      <![CDATA[finding the Element:]]>
    </line>
    <line>
      <![CDATA[By.cssSelector: input[id = password-input]]]>
    </line>
    <line>
      <![CDATA[found the Element:]]>
    </line>
    <line>
      <![CDATA[By.cssSelector: input[id = password-input]]]>
    </line>
    <line>
      <![CDATA[finding the Element:]]>
    </line>
    <line>
      <![CDATA[By.cssSelector: input[id = password-input]]]>
    </line>
    <line>
      <![CDATA[found the Element:]]>
    </line>
    <line>
      <![CDATA[By.cssSelector: input[id = password-input]]]>
    </line>
    <line>
      <![CDATA[finding the Element:]]>
    </line>
    <line>
      <![CDATA[By.cssSelector: input[id = password-input]]]>
    </line>
    <line>
      <![CDATA[found the Element:]]>
    </line>
    <line>
      <![CDATA[By.cssSelector: input[id = password-input]]]>
    </line>
    <line>
      <![CDATA[finding the Element:]]>
    </line>
    <line>
      <![CDATA[By.cssSelector: input[id = password-input]]]>
    </line>
    <line>
      <![CDATA[found the Element:]]>
    </line>
    <line>
      <![CDATA[By.cssSelector: input[id = password-input]]]>
    </line>
    <line>
      <![CDATA[finding the Element:]]>
    </line>
    <line>
      <![CDATA[By.cssSelector: input[id = password-input]]]>
    </line>
    <line>
      <![CDATA[found the Element:]]>
    </line>
    <line>
      <![CDATA[By.cssSelector: input[id = password-input]]]>
    </line>
    <line>
      <![CDATA[finding the Element:]]>
    </line>
    <line>
      <![CDATA[By.cssSelector: input[id = password-input]]]>
    </line>
    <line>
      <![CDATA[found the Element:]]>
    </line>
    <line>
      <![CDATA[By.cssSelector: input[id = password-input]]]>
    </line>
    <line>
      <![CDATA[finding the Element:]]>
    </line>
    <line>
      <![CDATA[By.cssSelector: input[id = password-input]]]>
    </line>
    <line>
      <![CDATA[found the Element:]]>
    </line>
    <line>
      <![CDATA[By.cssSelector: input[id = password-input]]]>
    </line>
    <line>
      <![CDATA[finding the Element:]]>
    </line>
    <line>
      <![CDATA[By.cssSelector: input[id = password-input]]]>
    </line>
    <line>
      <![CDATA[found the Element:]]>
    </line>
    <line>
      <![CDATA[By.cssSelector: input[id = password-input]]]>
    </line>
    <line>
      <![CDATA[finding the Element:]]>
    </line>
    <line>
      <![CDATA[By.cssSelector: input[id = password-input]]]>
    </line>
    <line>
      <![CDATA[found the Element:]]>
    </line>
    <line>
      <![CDATA[By.cssSelector: input[id = password-input]]]>
    </line>
    <line>
      <![CDATA[finding the Element:]]>
    </line>
    <line>
      <![CDATA[By.cssSelector: input[id = postcode-input]]]>
    </line>
    <line>
      <![CDATA[found the Element:]]>
    </line>
    <line>
      <![CDATA[By.cssSelector: input[id = postcode-input]]]>
    </line>
    <line>
      <![CDATA[finding the Element:]]>
    </line>
    <line>
      <![CDATA[By.cssSelector: input[id = postcode-input]]]>
    </line>
    <line>
      <![CDATA[found the Element:]]>
    </line>
    <line>
      <![CDATA[By.cssSelector: input[id = postcode-input]]]>
    </line>
    <line>
      <![CDATA[finding the Element:]]>
    </line>
    <line>
      <![CDATA[By.cssSelector: input[id = postcode-input]]]>
    </line>
    <line>
      <![CDATA[found the Element:]]>
    </line>
    <line>
      <![CDATA[By.cssSelector: input[id = postcode-input]]]>
    </line>
    <line>
      <![CDATA[finding the Element:]]>
    </line>
    <line>
      <![CDATA[By.cssSelector: input[id = postcode-input]]]>
    </line>
    <line>
      <![CDATA[found the Element:]]>
    </line>
    <line>
      <![CDATA[By.cssSelector: input[id = postcode-input]]]>
    </line>
    <line>
      <![CDATA[finding the Element:]]>
    </line>
    <line>
      <![CDATA[By.cssSelector: input[id = postcode-input]]]>
    </line>
    <line>
      <![CDATA[found the Element:]]>
    </line>
    <line>
      <![CDATA[By.cssSelector: input[id = postcode-input]]]>
    </line>
    <line>
      <![CDATA[finding the Element:]]>
    </line>
    <line>
      <![CDATA[By.cssSelector: input[id = postcode-input]]]>
    </line>
    <line>
      <![CDATA[found the Element:]]>
    </line>
    <line>
      <![CDATA[By.cssSelector: input[id = postcode-input]]]>
    </line>
    <line>
      <![CDATA[finding the Element:]]>
    </line>
    <line>
      <![CDATA[By.cssSelector: input[id = postcode-input]]]>
    </line>
    <line>
      <![CDATA[found the Element:]]>
    </line>
    <line>
      <![CDATA[By.cssSelector: input[id = postcode-input]]]>
    </line>
    <line>
      <![CDATA[finding the Element:]]>
    </line>
    <line>
      <![CDATA[By.cssSelector: input[id = postcode-input]]]>
    </line>
    <line>
      <![CDATA[found the Element:]]>
    </line>
    <line>
      <![CDATA[By.cssSelector: input[id = postcode-input]]]>
    </line>
    <line>
      <![CDATA[finding the Element:]]>
    </line>
    <line>
      <![CDATA[By.cssSelector: input[id = postcode-input]]]>
    </line>
    <line>
      <![CDATA[found the Element:]]>
    </line>
    <line>
      <![CDATA[By.cssSelector: input[id = postcode-input]]]>
    </line>
    <line>
      <![CDATA[finding the Element:]]>
    </line>
    <line>
      <![CDATA[By.cssSelector: input[id = postcode-input]]]>
    </line>
    <line>
      <![CDATA[found the Element:]]>
    </line>
    <line>
      <![CDATA[By.cssSelector: input[id = postcode-input]]]>
    </line>
    <line>
      <![CDATA[finding the Element:]]>
    </line>
    <line>
      <![CDATA[By.cssSelector: input[id = postcode-input]]]>
    </line>
    <line>
      <![CDATA[found the Element:]]>
    </line>
    <line>
      <![CDATA[By.cssSelector: input[id = postcode-input]]]>
    </line>
    <line>
      <![CDATA[finding the Element:]]>
    </line>
    <line>
      <![CDATA[By.cssSelector: input[id = postcode-input]]]>
    </line>
    <line>
      <![CDATA[found the Element:]]>
    </line>
    <line>
      <![CDATA[By.cssSelector: input[id = postcode-input]]]>
    </line>
    <line>
      <![CDATA[finding the Element:]]>
    </line>
    <line>
      <![CDATA[By.cssSelector: input[id = postcode-input]]]>
    </line>
    <line>
      <![CDATA[found the Element:]]>
    </line>
    <line>
      <![CDATA[By.cssSelector: input[id = postcode-input]]]>
    </line>
    <line>
      <![CDATA[finding the Element:]]>
    </line>
    <line>
      <![CDATA[By.cssSelector: input[id = postcode-input]]]>
    </line>
    <line>
      <![CDATA[found the Element:]]>
    </line>
    <line>
      <![CDATA[By.cssSelector: input[id = postcode-input]]]>
    </line>
    <line>
      <![CDATA[finding the Element:]]>
    </line>
    <line>
      <![CDATA[By.cssSelector: input[id = postcode-input]]]>
    </line>
    <line>
      <![CDATA[found the Element:]]>
    </line>
    <line>
      <![CDATA[By.cssSelector: input[id = postcode-input]]]>
    </line>
    <line>
      <![CDATA[finding the Element:]]>
    </line>
    <line>
      <![CDATA[By.cssSelector: input[id = postcode-input]]]>
    </line>
    <line>
      <![CDATA[found the Element:]]>
    </line>
    <line>
      <![CDATA[By.cssSelector: input[id = postcode-input]]]>
    </line>
    <line>
      <![CDATA[finding the Element:]]>
    </line>
    <line>
      <![CDATA[By.cssSelector: input[id = postcode-input]]]>
    </line>
    <line>
      <![CDATA[found the Element:]]>
    </line>
    <line>
      <![CDATA[By.cssSelector: input[id = postcode-input]]]>
    </line>
    <line>
      <![CDATA[finding the Element:]]>
    </line>
    <line>
      <![CDATA[By.cssSelector: input[id = postcode-input]]]>
    </line>
    <line>
      <![CDATA[found the Element:]]>
    </line>
    <line>
      <![CDATA[By.cssSelector: input[id = postcode-input]]]>
    </line>
    <line>
      <![CDATA[finding the Element:]]>
    </line>
    <line>
      <![CDATA[By.cssSelector: input[id = postcode-input]]]>
    </line>
    <line>
      <![CDATA[found the Element:]]>
    </line>
    <line>
      <![CDATA[By.cssSelector: input[id = postcode-input]]]>
    </line>
    <line>
      <![CDATA[finding the Element:]]>
    </line>
    <line>
      <![CDATA[By.cssSelector: input[id = postcode-input]]]>
    </line>
    <line>
      <![CDATA[found the Element:]]>
    </line>
    <line>
      <![CDATA[By.cssSelector: input[id = postcode-input]]]>
    </line>
    <line>
      <![CDATA[finding the Element:]]>
    </line>
    <line>
      <![CDATA[By.cssSelector: input[id = postcode-input]]]>
    </line>
    <line>
      <![CDATA[found the Element:]]>
    </line>
    <line>
      <![CDATA[By.cssSelector: input[id = postcode-input]]]>
    </line>
    <line>
      <![CDATA[finding the Element:]]>
    </line>
    <line>
      <![CDATA[By.cssSelector: input[id = postcode-input]]]>
    </line>
    <line>
      <![CDATA[found the Element:]]>
    </line>
    <line>
      <![CDATA[By.cssSelector: input[id = postcode-input]]]>
    </line>
    <line>
      <![CDATA[finding the Element:]]>
    </line>
    <line>
      <![CDATA[By.cssSelector: input[id = postcode-input]]]>
    </line>
    <line>
      <![CDATA[found the Element:]]>
    </line>
    <line>
      <![CDATA[By.cssSelector: input[id = postcode-input]]]>
    </line>
    <line>
      <![CDATA[finding the Element:]]>
    </line>
    <line>
      <![CDATA[By.cssSelector: input[id = postcode-input]]]>
    </line>
    <line>
      <![CDATA[found the Element:]]>
    </line>
    <line>
      <![CDATA[By.cssSelector: input[id = postcode-input]]]>
    </line>
    <line>
      <![CDATA[finding the Element:]]>
    </line>
    <line>
      <![CDATA[By.cssSelector: input[id = postcode-input]]]>
    </line>
    <line>
      <![CDATA[found the Element:]]>
    </line>
    <line>
      <![CDATA[By.cssSelector: input[id = postcode-input]]]>
    </line>
    <line>
      <![CDATA[finding the Element:]]>
    </line>
    <line>
      <![CDATA[By.cssSelector: input[id = postcode-input]]]>
    </line>
    <line>
      <![CDATA[found the Element:]]>
    </line>
    <line>
      <![CDATA[By.cssSelector: input[id = postcode-input]]]>
    </line>
    <line>
      <![CDATA[finding the Element:]]>
    </line>
    <line>
      <![CDATA[By.cssSelector: input[id = postcode-input]]]>
    </line>
    <line>
      <![CDATA[found the Element:]]>
    </line>
    <line>
      <![CDATA[By.cssSelector: input[id = postcode-input]]]>
    </line>
    <line>
      <![CDATA[finding the Element:]]>
    </line>
    <line>
      <![CDATA[By.cssSelector: input[id = postcode-input]]]>
    </line>
    <line>
      <![CDATA[found the Element:]]>
    </line>
    <line>
      <![CDATA[By.cssSelector: input[id = postcode-input]]]>
    </line>
    <line>
      <![CDATA[finding the Element:]]>
    </line>
    <line>
      <![CDATA[By.cssSelector: input[id = postcode-input]]]>
    </line>
    <line>
      <![CDATA[found the Element:]]>
    </line>
    <line>
      <![CDATA[By.cssSelector: input[id = postcode-input]]]>
    </line>
    <line>
      <![CDATA[finding the Element:]]>
    </line>
    <line>
[...]
            </line>
            <line>
              <![CDATA[found the Element:]]>
            </line>
            <line>
              <![CDATA[By.name: comment]]>
            </line>
            <line>
              <![CDATA[finding the Element:]]>
            </line>
            <line>
              <![CDATA[By.name: comment]]>
            </line>
            <line>
              <![CDATA[found the Element:]]>
            </line>
            <line>
              <![CDATA[By.name: comment]]>
            </line>
            <line>
              <![CDATA[finding the Element:]]>
            </line>
            <line>
              <![CDATA[By.name: comment]]>
            </line>
            <line>
              <![CDATA[found the Element:]]>
            </line>
            <line>
              <![CDATA[By.name: comment]]>
            </line>
            <line>
              <![CDATA[finding the Element:]]>
            </line>
            <line>
              <![CDATA[By.name: comment]]>
            </line>
            <line>
              <![CDATA[found the Element:]]>
            </line>
            <line>
              <![CDATA[By.name: comment]]>
            </line>
            <line>
              <![CDATA[finding the Element:]]>
            </line>
            <line>
              <![CDATA[By.name: comment]]>
            </line>
            <line>
              <![CDATA[found the Element:]]>
            </line>
            <line>
              <![CDATA[By.name: comment]]>
            </line>
            <line>
              <![CDATA[finding the Element:]]>
            </line>
            <line>
              <![CDATA[By.name: comment]]>
            </line>
            <line>
              <![CDATA[found the Element:]]>
            </line>
            <line>
              <![CDATA[By.name: comment]]>
            </line>
            <line>
              <![CDATA[finding the Element:]]>
            </line>
            <line>
              <![CDATA[By.name: comment]]>
            </line>
            <line>
              <![CDATA[found the Element:]]>
            </line>
            <line>
              <![CDATA[By.name: comment]]>
            </line>
            <line>
              <![CDATA[finding the Element:]]>
            </line>
            <line>
              <![CDATA[By.name: comment]]>
            </line>
            <line>
              <![CDATA[found the Element:]]>
            </line>
            <line>
              <![CDATA[By.name: comment]]>
            </line>
            <line>
              <![CDATA[finding the Element:]]>
            </line>
            <line>
              <![CDATA[By.name: comment]]>
            </line>
            <line>
              <![CDATA[found the Element:]]>
            </line>
            <line>
              <![CDATA[By.name: comment]]>
            </line>
            <line>
              <![CDATA[finding the Element:]]>
            </line>
            <line>
              <![CDATA[By.name: comment]]>
            </line>
            <line>
              <![CDATA[found the Element:]]>
            </line>
            <line>
              <![CDATA[By.name: comment]]>
            </line>
            <line>
              <![CDATA[finding the Element:]]>
            </line>
            <line>
              <![CDATA[By.name: comment]]>
            </line>
            <line>
              <![CDATA[found the Element:]]>
            </line>
            <line>
              <![CDATA[By.name: comment]]>
            </line>
            <line>
              <![CDATA[finding the Element:]]>
            </line>
            <line>
              <![CDATA[By.name: comment]]>
            </line>
            <line>
              <![CDATA[found the Element:]]>
            </line>
            <line>
              <![CDATA[By.name: comment]]>
            </line>
            <line>
              <![CDATA[finding the Element:]]>
            </line>
            <line>
              <![CDATA[By.name: comment]]>
            </line>
            <line>
              <![CDATA[found the Element:]]>
            </line>
            <line>
              <![CDATA[By.name: comment]]>
            </line>
            <line>
              <![CDATA[finding the Element:]]>
            </line>
            <line>
              <![CDATA[By.name: comment]]>
            </line>
            <line>
              <![CDATA[found the Element:]]>
            </line>
            <line>
              <![CDATA[By.name: comment]]>
            </line>
            <line>
              <![CDATA[finding the Element:]]>
            </line>
            <line>
              <![CDATA[By.xpath: //input[contains(@class,'cmts-submit cmts-button')]]]>
            </line>
            <line>
              <![CDATA[found the Element:]]>
            </line>
            <line>
              <![CDATA[By.xpath: //input[contains(@class,'cmts-submit cmts-button')]]]>
            </line>
            <line>
              <![CDATA[finding the Element:Sign out]]>
            </line>
            <line>
              <![CDATA[By.xpath: //a[contains(text(),'Sign out')]]]>
            </line>
            <line>
              <![CDATA[found the Element:Sign out]]>
            </line>
            <line>
              <![CDATA[By.xpath: //a[contains(text(),'Sign out')]]]>
            </line>
            <line>
              <![CDATA[finding the Element:Sign out]]>
            </line>
            <line>
              <![CDATA[By.xpath: //a[contains(text(),'Sign out')]]]>
            </line>
            <line>
              <![CDATA[found the Element:Sign out]]>
            </line>
            <line>
              <![CDATA[By.xpath: //a[contains(text(),'Sign out')]]]>
            </line>
            <line>
              <![CDATA[finding the Element:Sign out]]>
            </line>
            <line>
              <![CDATA[By.xpath: //a[contains(text(),'Sign out')]]]>
            </line>
            <line>
              <![CDATA[found the Element:Sign out]]>
            </line>
            <line>
              <![CDATA[By.xpath: //a[contains(text(),'Sign out')]]]>
            </line>
            <line>
              <![CDATA[finding the Element:Sign out]]>
            </line>
            <line>
              <![CDATA[By.xpath: //a[contains(text(),'Sign out')]]]>
            </line>
            <line>
              <![CDATA[found the Element:Sign out]]>
            </line>
            <line>
              <![CDATA[By.xpath: //a[contains(text(),'Sign out')]]]>
            </line>
            <line>
              <![CDATA[finding the Element:Sign out]]>
            </line>
            <line>
              <![CDATA[By.xpath: //a[contains(text(),'Sign out')]]]>
            </line>
            <line>
              <![CDATA[found the Element:Sign out]]>
            </line>
            <line>
              <![CDATA[By.xpath: //a[contains(text(),'Sign out')]]]>
            </line>
            <line>
              <![CDATA[finding the Element:Sign out]]>
            </line>
            <line>
              <![CDATA[By.xpath: //a[contains(text(),'Sign out')]]]>
            </line>
            <line>
              <![CDATA[found the Element:Sign out]]>
            </line>
            <line>
              <![CDATA[By.xpath: //a[contains(text(),'Sign out')]]]>
            </line>
            <line>
              <![CDATA[finding the Element:Sign out]]>
            </line>
            <line>
              <![CDATA[By.xpath: //a[contains(text(),'Sign out')]]]>
            </line>
            <line>
              <![CDATA[found the Element:Sign out]]>
            </line>
            <line>
              <![CDATA[By.xpath: //a[contains(text(),'Sign out')]]]>
            </line>
            <line>
              <![CDATA[finding the Element:Sign out]]>
            </line>
            <line>
              <![CDATA[By.xpath: //a[contains(text(),'Sign out')]]]>
            </line>
            <line>
              <![CDATA[found the Element:Sign out]]>
            </line>
            <line>
              <![CDATA[By.xpath: //a[contains(text(),'Sign out')]]]>
            </line>
            <line>
              <![CDATA[finding the Element:Sign out]]>
            </line>
            <line>
              <![CDATA[By.xpath: //a[contains(text(),'Sign out')]]]>
            </line>
            <line>
              <![CDATA[found the Element:Sign out]]>
            </line>
            <line>
              <![CDATA[By.xpath: //a[contains(text(),'Sign out')]]]>
            </line>
            <line>
              <![CDATA[finding the Element:Sign out]]>
            </line>
            <line>
              <![CDATA[By.xpath: //a[contains(text(),'Sign out')]]]>
            </line>
            <line>
              <![CDATA[found the Element:Sign out]]>
            </line>
            <line>
              <![CDATA[By.xpath: //a[contains(text(),'Sign out')]]]>
            </line>
            <line>
              <![CDATA[finding the Element:Sign out]]>
            </line>
            <line>
              <![CDATA[By.xpath: //a[contains(text(),'Sign out')]]]>
            </line>
            <line>
              <![CDATA[found the Element:Sign out]]>
            </line>
            <line>
              <![CDATA[By.xpath: //a[contains(text(),'Sign out')]]]>
            </line>
            <line>
              <![CDATA[finding the Element:Sign out]]>
            </line>
            <line>
              <![CDATA[By.xpath: //a[contains(text(),'Sign out')]]]>
            </line>
            <line>
              <![CDATA[found the Element:Sign out]]>
            </line>
            <line>
              <![CDATA[By.xpath: //a[contains(text(),'Sign out')]]]>
            </line>
            <line>
              <![CDATA[finding the Element:Sign out]]>
            </line>
            <line>
              <![CDATA[By.xpath: //a[contains(text(),'Sign out')]]]>
            </line>
            <line>
              <![CDATA[found the Element:Sign out]]>
            </line>
            <line>
              <![CDATA[By.xpath: //a[contains(text(),'Sign out')]]]>
            </line>
            <line>
              <![CDATA[finding the Element:Sign out]]>
            </line>
            <line>
              <![CDATA[By.xpath: //a[contains(text(),'Sign out')]]]>
            </line>
            <line>
              <![CDATA[found the Element:Sign out]]>
            </line>
            <line>
              <![CDATA[By.xpath: //a[contains(text(),'Sign out')]]]>
            </line>
            <line>
              <![CDATA[finding the Element:Sign out]]>
            </line>
            <line>
              <![CDATA[By.xpath: //a[contains(text(),'Sign out')]]]>
            </line>
            <line>
              <![CDATA[found the Element:Sign out]]>
            </line>
            <line>
              <![CDATA[By.xpath: //a[contains(text(),'Sign out')]]]>
            </line>
            <line>
              <![CDATA[finding the Element:Sign out]]>
            </line>
            <line>
              <![CDATA[By.xpath: //a[contains(text(),'Sign out')]]]>
            </line>
            <line>
              <![CDATA[found the Element:Sign out]]>
            </line>
            <line>
              <![CDATA[By.xpath: //a[contains(text(),'Sign out')]]]>
            </line>
            <line>
              <![CDATA[finding the Element:Sign out]]>
            </line>
            <line>
              <![CDATA[By.xpath: //a[contains(text(),'Sign out')]]]>
            </line>
            <line>
              <![CDATA[found the Element:Sign out]]>
            </line>
            <line>
              <![CDATA[By.xpath: //a[contains(text(),'Sign out')]]]>
            </line>
            <line>
              <![CDATA[finding the Element:Sign out]]>
            </line>
            <line>
              <![CDATA[By.xpath: //a[contains(text(),'Sign out')]]]>
            </line>
            <line>
              <![CDATA[found the Element:Sign out]]>
            </line>
            <line>
              <![CDATA[By.xpath: //a[contains(text(),'Sign out')]]]>
            </line>
            <line>
              <![CDATA[finding the Element:Sign out]]>
            </line>
            <line>
              <![CDATA[By.xpath: //a[contains(text(),'Sign out')]]]>
            </line>
            <line>
              <![CDATA[found the Element:Sign out]]>
            </line>
            <line>
              <![CDATA[By.xpath: //a[contains(text(),'Sign out')]]]>
            </line>
            <line>
              <![CDATA[finding the Element:Sign out]]>
            </line>
            <line>
              <![CDATA[By.xpath: //a[contains(text(),'Sign out')]]]>
            </line>
            <line>
              <![CDATA[found the Element:Sign out]]>
            </line>
            <line>
              <![CDATA[By.xpath: //a[contains(text(),'Sign out')]]]>
            </line>
            <line>
              <![CDATA[finding the Element:Sign out]]>
            </line>
            <line>
              <![CDATA[By.xpath: //a[contains(text(),'Sign out')]]]>
            </line>
            <line>
              <![CDATA[found the Element:Sign out]]>
            </line>
            <line>
              <![CDATA[By.xpath: //a[contains(text(),'Sign out')]]]>
            </line>
            <line>
              <![CDATA[finding the Element:Sign out]]>
            </line>
            <line>
              <![CDATA[By.xpath: //a[contains(text(),'Sign out')]]]>
            </line>
            <line>
              <![CDATA[found the Element:Sign out]]>
            </line>
            <line>
              <![CDATA[By.xpath: //a[contains(text(),'Sign out')]]]>
            </line>
            <line>
              <![CDATA[finding the Element:Sign out]]>
            </line>
            <line>
              <![CDATA[By.xpath: //a[contains(text(),'Sign out')]]]>
            </line>
            <line>
              <![CDATA[found the Element:Sign out]]>
            </line>
            <line>
              <![CDATA[By.xpath: //a[contains(text(),'Sign out')]]]>
            </line>
            <line>
              <![CDATA[finding the Element:Sign out]]>
            </line>
            <line>
              <![CDATA[By.xpath: //a[contains(text(),'Sign out')]]]>
            </line>
            <line>
              <![CDATA[found the Element:Sign out]]>
            </line>
            <line>
              <![CDATA[By.xpath: //a[contains(text(),'Sign out')]]]>
            </line>
            <line>
              <![CDATA[finding the Element:Sign out]]>
            </line>
            <line>
              <![CDATA[By.xpath: //a[contains(text(),'Sign out')]]]>
            </line>
            <line>
              <![CDATA[found the Element:Sign out]]>
            </line>
            <line>
              <![CDATA[By.xpath: //a[contains(text(),'Sign out')]]]>
            </line>
            <line>
              <![CDATA[finding the Element:Sign out]]>
            </line>
            <line>
              <![CDATA[By.xpath: //a[contains(text(),'Sign out')]]]>
            </line>
            <line>
              <![CDATA[found the Element:Sign out]]>
            </line>
            <line>
              <![CDATA[By.xpath: //a[contains(text(),'Sign out')]]]>
            </line>
            <line>
              <![CDATA[finding the Element:Sign out]]>
            </line>
            <line>
              <![CDATA[By.xpath: //a[contains(text(),'Sign out')]]]>
            </line>
            <line>
              <![CDATA[found the Element:Sign out]]>
            </line>
            <line>
              <![CDATA[By.xpath: //a[contains(text(),'Sign out')]]]>
            </line>
            <line>
              <![CDATA[finding the Element:Sign out]]>
            </line>
            <line>
              <![CDATA[By.xpath: //a[contains(text(),'Sign out')]]]>
            </line>
            <line>
              <![CDATA[found the Element:Sign out]]>
            </line>
            <line>
              <![CDATA[By.xpath: //a[contains(text(),'Sign out')]]]>
            </line>
            <line>
              <![CDATA[finding the Element:Sign out]]>
            </line>
            <line>
              <![CDATA[By.xpath: //a[contains(text(),'Sign out')]]]>
            </line>
            <line>
              <![CDATA[found the Element:Sign out]]>
            </line>
            <line>
              <![CDATA[By.xpath: //a[contains(text(),'Sign out')]]]>
            </line>
            <line>
              <![CDATA[finding the Element:Sign out]]>
            </line>
            <line>
              <![CDATA[By.xpath: //a[contains(text(),'Sign out')]]]>
            </line>
            <line>
              <![CDATA[found the Element:Sign out]]>
            </line>
            <line>
              <![CDATA[By.xpath: //a[contains(text(),'Sign out')]]]>
            </line>
            <line>
              <![CDATA[finding the Element:Sign out]]>
            </line>
            <line>
              <![CDATA[By.xpath: //a[contains(text(),'Sign out')]]]>
            </line>
            <line>
              <![CDATA[found the Element:Sign out]]>
            </line>
            <line>
              <![CDATA[By.xpath: //a[contains(text(),'Sign out')]]]>
            </line>
            <line>
              <![CDATA[finding the Element:Sign out]]>
            </line>
            <line>
              <![CDATA[By.xpath: //a[contains(text(),'Sign out')]]]>
            </line>
            <line>
              <![CDATA[found the Element:Sign out]]>
            </line>
            <line>
              <![CDATA[By.xpath: //a[contains(text(),'Sign out')]]]>
            </line>
            <line>
              <![CDATA[finding the Element:Sign out]]>
            </line>
            <line>
              <![CDATA[By.xpath: //a[contains(text(),'Sign out')]]]>
            </line>
            <line>
              <![CDATA[found the Element:Sign out]]>
            </line>
            <line>
              <![CDATA[By.xpath: //a[contains(text(),'Sign out')]]]>
            </line>
            <line>
              <![CDATA[finding the Element:Sign out]]>
            </line>
            <line>
              <![CDATA[By.xpath: //a[contains(text(),'Sign out')]]]>
            </line>
            <line>
              <![CDATA[found the Element:Sign out]]>
            </line>
            <line>
              <![CDATA[By.xpath: //a[contains(text(),'Sign out')]]]>
            </line>
            <line>
              <![CDATA[finding the Element:Sign out]]>
            </line>
            <line>
              <![CDATA[By.xpath: //a[contains(text(),'Sign out')]]]>
            </line>
            <line>
              <![CDATA[found the Element:Sign out]]>
            </line>
            <line>
              <![CDATA[By.xpath: //a[contains(text(),'Sign out')]]]>
            </line>
          </reporter-output>
        </test-method> <!-- feature -->
        <test-method status="PASS" signature="setup()[pri:0, instance:com.bbc.runner.SignInAndCommentArticleRunner@6b143ee9]" name="setup" is-config="true" duration-ms="7" started-at="2018-07-15T18:26:26Z" finished-at="2018-07-15T18:26:26Z">
          <reporter-output>
          </reporter-output>
        </test-method> <!-- setup -->
        <test-method status="PASS" signature="tearDownClass()[pri:0, instance:com.bbc.runner.SignInAndCommentArticleRunner@6b143ee9]" name="tearDownClass" is-config="true" duration-ms="284" started-at="2018-07-15T18:26:26Z" finished-at="2018-07-15T18:26:27Z">
          <reporter-output>
          </reporter-output>
        </test-method> <!-- tearDownClass -->
      </class> <!-- com.bbc.runner.SignInAndCommentArticleRunner -->
    </test> <!-- BBC Articles Comments Functional TestSuite -->
  </suite> <!-- BBC Functional AutomationSuite -->
</testng-results>
