<?xml version="1.0" encoding="UTF-8"?>
<!-- Generated by org.testng.reporters.JUnitXMLReporter -->
<testsuite hostname="seetha" name="BBC Articles Comments Functional TestSuite" tests="2" failures="0" timestamp="15 Jul 2018 17:26:27 GMT" time="216.795" errors="0">
  <testcase name="feature" time="97.36" classname="com.bbc.runner.RegisterBBCRunner"/>
  <testcase name="feature" time="117.366" classname="com.bbc.runner.SignInAndCommentArticleRunner"/>
</testsuite> <!-- BBC Articles Comments Functional TestSuite -->
